<?xml version="1.0" encoding="UTF-8"?>
<testsuites name="Reshna - All TCs Suite2" time="1298.662" tests="62" failures="4" errors="0">
   <testsuite name="Reshna - All TCs Suite2" tests="62" failures="4" errors="0" time="1298.662" skipped="0" timestamp="2023-11-01 10:06:23" hostname="rchalil - USPRNRCHALIL2.us.deloitte.com" id="Test Suites/Reshna - All TCs Suite2">
      <properties>
[...]
</properties>
      <testcase name="Test Cases/Deloitte - Careers Test" time="25.076" classname="Test Cases/Deloitte - Careers Test" status="PASSED">
         <system-out><![CDATA[2023-11-01 10:06:23 - [TEST_CASE][PASSED] - Test Cases/Deloitte - Careers Test: Test Cases/Deloitte - Careers Test

2023-11-01 10:06:23 - [TEST_STEP][PASSED] - Start listener action : sampleBeforeTestCase: null

2023-11-01 10:06:23 - [TEST_STEP][PASSED] - println(testCaseContext.getTestCaseId()): null

2023-11-01 10:06:23 - [TEST_STEP][PASSED] - println(testCaseContext.getTestCaseVariables()): null

2023-11-01 10:06:23 - [TEST_STEP][PASSED] - openBrowser(""): Browser is opened with url: ''

2023-11-01 10:06:24 - [MESSAGE][INFO] - Starting 'Chrome' driver

2023-11-01 10:06:24 - [MESSAGE][INFO] - Action delay is set to 0 milliseconds

2023-11-01 10:06:27 - [MESSAGE][PASSED] - Browser is opened with url: ''

2023-11-01 10:06:27 - [TEST_STEP][PASSED] - navigateToUrl("https://www2.deloitte.com/us/en.html"): Navigate to 'https://www2.deloitte.com/us/en.html' successfully

2023-11-01 10:06:31 - [MESSAGE][PASSED] - Navigate to 'https://www2.deloitte.com/us/en.html' successfully

2023-11-01 10:06:31 - [TEST_STEP][PASSED] - maximizeWindow(): Current window maximized

2023-11-01 10:06:31 - [MESSAGE][PASSED] - Current window maximized

2023-11-01 10:06:31 - [TEST_STEP][PASSED] - click(findTestObject("Object Repository/Deloitte/Page_Deloitte US  Audit, Consulting, Adviso_ec7ae4/button_Accept and close")): Object: 'Object Repository/Deloitte/Page_Deloitte US  Audit, Consulting, Adviso_ec7ae4/button_Accept and close' is clicked on

2023-11-01 10:06:36 - [MESSAGE][PASSED] - Object: 'Object Repository/Deloitte/Page_Deloitte US  Audit, Consulting, Adviso_ec7ae4/button_Accept and close' is clicked on

2023-11-01 10:06:36 - [TEST_STEP][PASSED] - click(findTestObject("Object Repository/Deloitte/Page_Deloitte US  Audit, Consulting, Adviso_ec7ae4/a_Careers")): Object: 'Object Repository/Deloitte/Page_Deloitte US  Audit, Consulting, Adviso_ec7ae4/a_Careers' is clicked on

2023-11-01 10:06:37 - [MESSAGE][PASSED] - Object: 'Object Repository/Deloitte/Page_Deloitte US  Audit, Consulting, Adviso_ec7ae4/a_Careers' is clicked on

2023-11-01 10:06:37 - [TEST_STEP][PASSED] - click(findTestObject("Object Repository/Deloitte/Page_Deloitte US  Audit, Consulting, Adviso_ec7ae4/a_Life at Deloitte")): Object: 'Object Repository/Deloitte/Page_Deloitte US  Audit, Consulting, Adviso_ec7ae4/a_Life at Deloitte' is clicked on

2023-11-01 10:06:45 - [MESSAGE][PASSED] - Object: 'Object Repository/Deloitte/Page_Deloitte US  Audit, Consulting, Adviso_ec7ae4/a_Life at Deloitte' is clicked on

2023-11-01 10:06:45 - [TEST_STEP][PASSED] - verifyElementPresent(findTestObject("Object Repository/Deloitte/Page_Life at Deloitte  Deloitte US/p_OurPeople"), 0): Object 'Object Repository/Deloitte/Page_Life at Deloitte  Deloitte US/p_OurPeople' is present

2023-11-01 10:06:45 - [MESSAGE][WARNING] - Timeout '0' is invalid. Using default page load timeout: '30'

2023-11-01 10:06:46 - [MESSAGE][PASSED] - Object 'Object Repository/Deloitte/Page_Life at Deloitte  Deloitte US/p_OurPeople' is present

2023-11-01 10:06:46 - [TEST_STEP][PASSED] - verifyElementPresent(findTestObject("Object Repository/Deloitte/Page_Life at Deloitte  Deloitte US/p_Culture"), 0): Object 'Object Repository/Deloitte/Page_Life at Deloitte  Deloitte US/p_Culture' is present

2023-11-01 10:06:46 - [MESSAGE][WARNING] - Timeout '0' is invalid. Using default page load timeout: '30'

2023-11-01 10:06:46 - [MESSAGE][PASSED] - Object 'Object Repository/Deloitte/Page_Life at Deloitte  Deloitte US/p_Culture' is present

2023-11-01 10:06:46 - [TEST_STEP][PASSED] - verifyElementPresent(findTestObject("Object Repository/Deloitte/Page_Life at Deloitte  Deloitte US/p_Careers"), 0): Object 'Object Repository/Deloitte/Page_Life at Deloitte  Deloitte US/p_Careers' is present

2023-11-01 10:06:46 - [MESSAGE][WARNING] - Timeout '0' is invalid. Using default page load timeout: '30'

2023-11-01 10:06:46 - [MESSAGE][PASSED] - Object 'Object Repository/Deloitte/Page_Life at Deloitte  Deloitte US/p_Careers' is present

2023-11-01 10:06:46 - [TEST_STEP][PASSED] - verifyElementPresent(findTestObject("Object Repository/Deloitte/Page_Life at Deloitte  Deloitte US/p_WhyDeloitte"), 0): Object 'Object Repository/Deloitte/Page_Life at Deloitte  Deloitte US/p_WhyDeloitte' is present

2023-11-01 10:06:46 - [MESSAGE][WARNING] - Timeout '0' is invalid. Using default page load timeout: '30'

2023-11-01 10:06:47 - [MESSAGE][PASSED] - Object 'Object Repository/Deloitte/Page_Life at Deloitte  Deloitte US/p_WhyDeloitte' is present

2023-11-01 10:06:47 - [TEST_STEP][PASSED] - click(findTestObject("Object Repository/Deloitte/Page_Life at Deloitte  Deloitte US/p_Careers")): Object: 'Object Repository/Deloitte/Page_Life at Deloitte  Deloitte US/p_Careers' is clicked on

2023-11-01 10:06:47 - [MESSAGE][PASSED] - Object: 'Object Repository/Deloitte/Page_Life at Deloitte  Deloitte US/p_Careers' is clicked on

2023-11-01 10:06:47 - [TEST_STEP][PASSED] - verifyElementVisible(findTestObject("Object Repository/Deloitte/Page_Life at Deloitte  Deloitte US/img_careers-thumbnail-img")): Object 'Object Repository/Deloitte/Page_Life at Deloitte  Deloitte US/img_careers-thumbnail-img' is visible

2023-11-01 10:06:48 - [MESSAGE][PASSED] - Object 'Object Repository/Deloitte/Page_Life at Deloitte  Deloitte US/img_careers-thumbnail-img' is visible

2023-11-01 10:06:48 - [TEST_STEP][PASSED] - closeBrowser(): Browser is closed

2023-11-01 10:06:48 - [MESSAGE][PASSED] - Browser is closed

2023-11-01 10:06:48 - [TEST_STEP][PASSED] - Start listener action : sampleAfterTestCase: null

2023-11-01 10:06:48 - [TEST_STEP][PASSED] - println(testCaseContext.getTestCaseId()): null

2023-11-01 10:06:48 - [TEST_STEP][PASSED] - println(testCaseContext.getTestCaseStatus()): null]]></system-out>
         <system-err><![CDATA[]]></system-err>
      </testcase>
      <testcase name="Test Cases/Deloitte - dropdown value selection test" time="17.017" classname="Test Cases/Deloitte - dropdown value selection test" status="PASSED">
         <system-out><![CDATA[2023-11-01 10:06:48 - [TEST_CASE][PASSED] - Test Cases/Deloitte - dropdown value selection test: Test Cases/Deloitte - dropdown value selection test

2023-11-01 10:06:48 - [TEST_STEP][PASSED] - Start listener action : sampleBeforeTestCase: null

2023-11-01 10:06:48 - [TEST_STEP][PASSED] - println(testCaseContext.getTestCaseId()): null

2023-11-01 10:06:48 - [TEST_STEP][PASSED] - println(testCaseContext.getTestCaseVariables()): null

2023-11-01 10:06:48 - [TEST_STEP][PASSED] - openBrowser(""): Browser is opened with url: ''

2023-11-01 10:06:48 - [MESSAGE][INFO] - Starting 'Chrome' driver

2023-11-01 10:06:48 - [MESSAGE][INFO] - Action delay is set to 0 milliseconds

2023-11-01 10:06:51 - [MESSAGE][PASSED] - Browser is opened with url: ''

2023-11-01 10:06:51 - [TEST_STEP][PASSED] - navigateToUrl("https://apply.deloitte.com/"): Navigate to 'https://apply.deloitte.com/' successfully

2023-11-01 10:06:54 - [MESSAGE][PASSED] - Navigate to 'https://apply.deloitte.com/' successfully

2023-11-01 10:06:54 - [TEST_STEP][PASSED] - maximizeWindow(): Current window maximized

2023-11-01 10:06:54 - [MESSAGE][PASSED] - Current window maximized

2023-11-01 10:06:54 - [TEST_STEP][PASSED] - setText(findTestObject("Object Repository/Deloitte/Page_Job Search  Deloitte US/input9336-search__field"), "new"): Text 'new' is set on object 'Object Repository/Deloitte/Page_Job Search  Deloitte US/input9336-search__field'

2023-11-01 10:06:54 - [MESSAGE][PASSED] - Text 'new' is set on object 'Object Repository/Deloitte/Page_Job Search  Deloitte US/input9336-search__field'

2023-11-01 10:06:54 - [TEST_STEP][PASSED] - click(findTestObject("Object Repository/Deloitte/Page_Job Search  Deloitte US/li_New Jersey")): Object: 'Object Repository/Deloitte/Page_Job Search  Deloitte US/li_New Jersey' is clicked on

2023-11-01 10:06:56 - [MESSAGE][PASSED] - Object: 'Object Repository/Deloitte/Page_Job Search  Deloitte US/li_New Jersey' is clicked on

2023-11-01 10:06:56 - [TEST_STEP][PASSED] - click(findTestObject("Object Repository/Deloitte/Page_Job Search  Deloitte US/button_Search")): Object: 'Object Repository/Deloitte/Page_Job Search  Deloitte US/button_Search' is clicked on

2023-11-01 10:07:03 - [MESSAGE][PASSED] - Object: 'Object Repository/Deloitte/Page_Job Search  Deloitte US/button_Search' is clicked on

2023-11-01 10:07:03 - [TEST_STEP][PASSED] - click(findTestObject("Object Repository/Deloitte/Page_Job Search  Deloitte US/div_2 jobs                                 _eba8a8")): Object: 'Object Repository/Deloitte/Page_Job Search  Deloitte US/div_2 jobs                                 _eba8a8' is clicked on

2023-11-01 10:07:04 - [MESSAGE][PASSED] - Object: 'Object Repository/Deloitte/Page_Job Search  Deloitte US/div_2 jobs                                 _eba8a8' is clicked on

2023-11-01 10:07:04 - [TEST_STEP][PASSED] - click(findTestObject("Object Repository/Deloitte/Page_Job Search  Deloitte US/div_2 jobs                                 _eba8a8")): Object: 'Object Repository/Deloitte/Page_Job Search  Deloitte US/div_2 jobs                                 _eba8a8' is clicked on

2023-11-01 10:07:04 - [MESSAGE][PASSED] - Object: 'Object Repository/Deloitte/Page_Job Search  Deloitte US/div_2 jobs                                 _eba8a8' is clicked on

2023-11-01 10:07:04 - [TEST_STEP][PASSED] - click(findTestObject("Object Repository/Deloitte/Page_Job Search  Deloitte US/div_2 jobs                                 _eba8a8")): Object: 'Object Repository/Deloitte/Page_Job Search  Deloitte US/div_2 jobs                                 _eba8a8' is clicked on

2023-11-01 10:07:05 - [MESSAGE][PASSED] - Object: 'Object Repository/Deloitte/Page_Job Search  Deloitte US/div_2 jobs                                 _eba8a8' is clicked on

2023-11-01 10:07:05 - [TEST_STEP][PASSED] - closeBrowser(): Browser is closed

2023-11-01 10:07:05 - [MESSAGE][PASSED] - Browser is closed

2023-11-01 10:07:05 - [TEST_STEP][PASSED] - Start listener action : sampleAfterTestCase: null

2023-11-01 10:07:05 - [TEST_STEP][PASSED] - println(testCaseContext.getTestCaseId()): null

2023-11-01 10:07:05 - [TEST_STEP][PASSED] - println(testCaseContext.getTestCaseStatus()): null]]></system-out>
         <system-err><![CDATA[]]></system-err>
      </testcase>
      <testcase name="Test Cases/Deloitte - Search job within Deloitte Careers" time="12.384" classname="Test Cases/Deloitte - Search job within Deloitte Careers" status="FAILED">
         <failure type="FAILED" message="Test Cases/Deloitte - Search job within Deloitte Careers FAILED.&#xa;Reason:&#xa;com.kms.katalon.core.exception.StepFailedException: Unable to click on object 'Object Repository/Deloitte/Page_Deloitte US  Audit, Consulting, Adviso_ec7ae4/a_Experienced Professionals'&#xa;	at com.kms.katalon.core.webui.keyword.internal.WebUIKeywordMain.stepFailed(WebUIKeywordMain.groovy:64)&#xa;	at com.kms.katalon.core.webui.keyword.internal.WebUIKeywordMain.runKeyword(WebUIKeywordMain.groovy:26)&#xa;	at com.kms.katalon.core.webui.keyword.builtin.ClickKeyword.click(ClickKeyword.groovy:74)&#xa;	at com.kms.katalon.core.webui.keyword.builtin.ClickKeyword.execute(ClickKeyword.groovy:40)&#xa;	at com.kms.katalon.core.keyword.internal.KeywordExecutor.executeKeywordForPlatform(KeywordExecutor.groovy:74)&#xa;	at com.kms.katalon.core.webui.keyword.WebUiBuiltInKeywords.click(WebUiBuiltInKeywords.groovy:620)&#xa;	at Deloitte - Search job within Deloitte Careers.run(Deloitte - Search job within Deloitte Careers:30)&#xa;	at com.kms.katalon.core.main.ScriptEngine.run(ScriptEngine.java:194)&#xa;	at com.kms.katalon.core.main.ScriptEngine.runScriptAsRawText(ScriptEngine.java:119)&#xa;	at com.kms.katalon.core.main.TestCaseExecutor.runScript(TestCaseExecutor.java:448)&#xa;	at com.kms.katalon.core.main.TestCaseExecutor.doExecute(TestCaseExecutor.java:439)&#xa;	at com.kms.katalon.core.main.TestCaseExecutor.processExecutionPhase(TestCaseExecutor.java:418)&#xa;	at com.kms.katalon.core.main.TestCaseExecutor.accessMainPhase(TestCaseExecutor.java:410)&#xa;	at com.kms.katalon.core.main.TestCaseExecutor.execute(TestCaseExecutor.java:285)&#xa;	at com.kms.katalon.core.main.TestCaseExecutor.execute(TestCaseExecutor.java:369)&#xa;	at com.kms.katalon.core.main.TestCaseExecutor.execute(TestCaseExecutor.java:369)&#xa;	at com.kms.katalon.core.main.TestCaseExecutor.execute(TestCaseExecutor.java:369)&#xa;	at com.kms.katalon.core.common.CommonExecutor.accessTestCaseMainPhase(CommonExecutor.java:65)&#xa;	at com.kms.katalon.core.main.TestSuiteExecutor.accessTestSuiteMainPhase(TestSuiteExecutor.java:148)&#xa;	at com.kms.katalon.core.main.TestSuiteExecutor.execute(TestSuiteExecutor.java:106)&#xa;	at com.kms.katalon.core.main.TestCaseMain.startTestSuite(TestCaseMain.java:187)&#xa;	at TempTestSuite1698847576726.run(TempTestSuite1698847576726.groovy:36)&#xa;	at java.base/jdk.internal.reflect.NativeMethodAccessorImpl.invoke0(Native Method)&#xa;	at java.base/jdk.internal.reflect.NativeMethodAccessorImpl.invoke(NativeMethodAccessorImpl.java:77)&#xa;	at java.base/jdk.internal.reflect.DelegatingMethodAccessorImpl.invoke(DelegatingMethodAccessorImpl.java:43)&#xa;Caused by: org.openqa.selenium.ElementNotInteractableException: element not interactable&#xa;  (Session info: chrome=118.0.5993.118)&#xa;Build info: version: '3.141.59', revision: 'e82be7d358', time: '2018-11-14T08:25:53'&#xa;System info: host: 'USPRNRCHALIL2', ip: '10.0.0.182', os.name: 'Windows 10', os.arch: 'amd64', os.version: '10.0', java.version: '17.0.7'&#xa;Driver info: com.kms.katalon.selenium.driver.CChromeDriver&#xa;Capabilities {acceptInsecureCerts: false, browserName: chrome, browserVersion: 118.0.5993.118, chrome: {chromedriverVersion: 118.0.5993.70 (e52f33f30b91..., userDataDir: C:\Users\rchalil\AppData\Lo...}, fedcm:accounts: true, goog:chromeOptions: {debuggerAddress: localhost:56433}, javascriptEnabled: true, networkConnectionEnabled: false, pageLoadStrategy: normal, platform: WINDOWS, platformName: WINDOWS, proxy: Proxy(), setWindowRect: true, strictFileInteractability: false, timeouts: {implicit: 0, pageLoad: 300000, script: 30000}, unhandledPromptBehavior: dismiss and notify, webauthn:extension:credBlob: true, webauthn:extension:largeBlob: true, webauthn:extension:minPinLength: true, webauthn:extension:prf: true, webauthn:virtualAuthenticators: true}&#xa;Session ID: 1afc3e9bdc8fd2894c3346a61510bd41&#xa;	at java.base/jdk.internal.reflect.NativeConstructorAccessorImpl.newInstance0(Native Method)&#xa;	at java.base/jdk.internal.reflect.NativeConstructorAccessorImpl.newInstance(NativeConstructorAccessorImpl.java:77)&#xa;	at java.base/jdk.internal.reflect.DelegatingConstructorAccessorImpl.newInstance(DelegatingConstructorAccessorImpl.java:45)&#xa;	at org.openqa.selenium.remote.http.W3CHttpResponseCodec.createException(W3CHttpResponseCodec.java:187)&#xa;	at org.openqa.selenium.remote.http.W3CHttpResponseCodec.decode(W3CHttpResponseCodec.java:122)&#xa;	at org.openqa.selenium.remote.http.W3CHttpResponseCodec.decode(W3CHttpResponseCodec.java:49)&#xa;	at org.openqa.selenium.remote.HttpCommandExecutor.execute(HttpCommandExecutor.java:158)&#xa;	at org.openqa.selenium.remote.service.DriverCommandExecutor.execute(DriverCommandExecutor.java:83)&#xa;	at org.openqa.selenium.remote.RemoteWebDriver.execute(RemoteWebDriver.java:552)&#xa;	at com.kms.katalon.selenium.driver.CChromeDriver.execute(CChromeDriver.java:19)&#xa;	at org.openqa.selenium.remote.RemoteWebElement.execute(RemoteWebElement.java:285)&#xa;	at org.openqa.selenium.remote.RemoteWebElement.click(RemoteWebElement.java:84)&#xa;	at jdk.internal.reflect.GeneratedMethodAccessor14.invoke(Unknown Source)&#xa;	at java.base/jdk.internal.reflect.DelegatingMethodAccessorImpl.invoke(DelegatingMethodAccessorImpl.java:43)&#xa;	at org.openqa.selenium.support.events.EventFiringWebDriver$EventFiringWebElement.lambda$new$0(EventFiringWebDriver.java:404)&#xa;	at jdk.proxy2/jdk.proxy2.$Proxy26.click(Unknown Source)&#xa;	at org.openqa.selenium.support.events.EventFiringWebDriver$EventFiringWebElement.click(EventFiringWebDriver.java:417)&#xa;	at org.openqa.selenium.WebElement$click.call(Unknown Source)&#xa;	at com.kms.katalon.core.webui.keyword.builtin.ClickKeyword.clickUntilSuccessWithTimeout(ClickKeyword.groovy:81)&#xa;	at com.kms.katalon.core.webui.keyword.builtin.ClickKeyword.clickUntilSuccessWithTimeout(ClickKeyword.groovy)&#xa;	at jdk.internal.reflect.GeneratedMethodAccessor12.invoke(Unknown Source)&#xa;	at java.base/jdk.internal.reflect.DelegatingMethodAccessorImpl.invoke(DelegatingMethodAccessorImpl.java:43)&#xa;	at com.kms.katalon.core.webui.keyword.builtin.ClickKeyword$_click_closure1.doCall(ClickKeyword.groovy:67)&#xa;	at com.kms.katalon.core.webui.keyword.builtin.ClickKeyword$_click_closure1.call(ClickKeyword.groovy)&#xa;	at com.kms.katalon.core.webui.keyword.internal.WebUIKeywordMain.runKeyword(WebUIKeywordMain.groovy:20)&#xa;	... 23 more&#xa;"/>
         <system-out><![CDATA[2023-11-01 10:07:46 - [TEST_CASE][FAILED] - Test Cases/Deloitte - Search job within Deloitte Careers: Test Cases/Deloitte - Search job within Deloitte Careers FAILED.
Reason:
com.kms.katalon.core.exception.StepFailedException: Unable to click on object 'Object Repository/Deloitte/Page_Deloitte US  Audit, Consulting, Adviso_ec7ae4/a_Experienced Professionals'
	at com.kms.katalon.core.webui.keyword.internal.WebUIKeywordMain.stepFailed(WebUIKeywordMain.groovy:64)
	at com.kms.katalon.core.webui.keyword.internal.WebUIKeywordMain.runKeyword(WebUIKeywordMain.groovy:26)
	at com.kms.katalon.core.webui.keyword.builtin.ClickKeyword.click(ClickKeyword.groovy:74)
	at com.kms.katalon.core.webui.keyword.builtin.ClickKeyword.execute(ClickKeyword.groovy:40)
	at com.kms.katalon.core.keyword.internal.KeywordExecutor.executeKeywordForPlatform(KeywordExecutor.groovy:74)
	at com.kms.katalon.core.webui.keyword.WebUiBuiltInKeywords.click(WebUiBuiltInKeywords.groovy:620)
	at Deloitte - Search job within Deloitte Careers.run(Deloitte - Search job within Deloitte Careers:30)
	at com.kms.katalon.core.main.ScriptEngine.run(ScriptEngine.java:194)
	at com.kms.katalon.core.main.ScriptEngine.runScriptAsRawText(ScriptEngine.java:119)
	at com.kms.katalon.core.main.TestCaseExecutor.runScript(TestCaseExecutor.java:448)
	at com.kms.katalon.core.main.TestCaseExecutor.doExecute(TestCaseExecutor.java:439)
	at com.kms.katalon.core.main.TestCaseExecutor.processExecutionPhase(TestCaseExecutor.java:418)
	at com.kms.katalon.core.main.TestCaseExecutor.accessMainPhase(TestCaseExecutor.java:410)
	at com.kms.katalon.core.main.TestCaseExecutor.execute(TestCaseExecutor.java:285)
	at com.kms.katalon.core.main.TestCaseExecutor.execute(TestCaseExecutor.java:369)
	at com.kms.katalon.core.main.TestCaseExecutor.execute(TestCaseExecutor.java:369)
	at com.kms.katalon.core.main.TestCaseExecutor.execute(TestCaseExecutor.java:369)
	at com.kms.katalon.core.common.CommonExecutor.accessTestCaseMainPhase(CommonExecutor.java:65)
	at com.kms.katalon.core.main.TestSuiteExecutor.accessTestSuiteMainPhase(TestSuiteExecutor.java:148)
	at com.kms.katalon.core.main.TestSuiteExecutor.execute(TestSuiteExecutor.java:106)
	at com.kms.katalon.core.main.TestCaseMain.startTestSuite(TestCaseMain.java:187)
	at TempTestSuite1698847576726.run(TempTestSuite1698847576726.groovy:36)
	at java.base/jdk.internal.reflect.NativeMethodAccessorImpl.invoke0(Native Method)
	at java.base/jdk.internal.reflect.NativeMethodAccessorImpl.invoke(NativeMethodAccessorImpl.java:77)
	at java.base/jdk.internal.reflect.DelegatingMethodAccessorImpl.invoke(DelegatingMethodAccessorImpl.java:43)
Caused by: org.openqa.selenium.ElementNotInteractableException: element not interactable
  (Session info: chrome=118.0.5993.118)
Build info: version: '3.141.59', revision: 'e82be7d358', time: '2018-11-14T08:25:53'
System info: host: 'USPRNRCHALIL2', ip: '10.0.0.182', os.name: 'Windows 10', os.arch: 'amd64', os.version: '10.0', java.version: '17.0.7'
Driver info: com.kms.katalon.selenium.driver.CChromeDriver
Capabilities {acceptInsecureCerts: false, browserName: chrome, browserVersion: 118.0.5993.118, chrome: {chromedriverVersion: 118.0.5993.70 (e52f33f30b91..., userDataDir: C:\Users\rchalil\AppData\Lo...}, fedcm:accounts: true, goog:chromeOptions: {debuggerAddress: localhost:56433}, javascriptEnabled: true, networkConnectionEnabled: false, pageLoadStrategy: normal, platform: WINDOWS, platformName: WINDOWS, proxy: Proxy(), setWindowRect: true, strictFileInteractability: false, timeouts: {implicit: 0, pageLoad: 300000, script: 30000}, unhandledPromptBehavior: dismiss and notify, webauthn:extension:credBlob: true, webauthn:extension:largeBlob: true, webauthn:extension:minPinLength: true, webauthn:extension:prf: true, webauthn:virtualAuthenticators: true}
Session ID: 1afc3e9bdc8fd2894c3346a61510bd41
	at java.base/jdk.internal.reflect.NativeConstructorAccessorImpl.newInstance0(Native Method)
	at java.base/jdk.internal.reflect.NativeConstructorAccessorImpl.newInstance(NativeConstructorAccessorImpl.java:77)
	at java.base/jdk.internal.reflect.DelegatingConstructorAccessorImpl.newInstance(DelegatingConstructorAccessorImpl.java:45)
	at org.openqa.selenium.remote.http.W3CHttpResponseCodec.createException(W3CHttpResponseCodec.java:187)
	at org.openqa.selenium.remote.http.W3CHttpResponseCodec.decode(W3CHttpResponseCodec.java:122)
	at org.openqa.selenium.remote.http.W3CHttpResponseCodec.decode(W3CHttpResponseCodec.java:49)
	at org.openqa.selenium.remote.HttpCommandExecutor.execute(HttpCommandExecutor.java:158)
	at org.openqa.selenium.remote.service.DriverCommandExecutor.execute(DriverCommandExecutor.java:83)
	at org.openqa.selenium.remote.RemoteWebDriver.execute(RemoteWebDriver.java:552)
	at com.kms.katalon.selenium.driver.CChromeDriver.execute(CChromeDriver.java:19)
	at org.openqa.selenium.remote.RemoteWebElement.execute(RemoteWebElement.java:285)
	at org.openqa.selenium.remote.RemoteWebElement.click(RemoteWebElement.java:84)
	at jdk.internal.reflect.GeneratedMethodAccessor14.invoke(Unknown Source)
	at java.base/jdk.internal.reflect.DelegatingMethodAccessorImpl.invoke(DelegatingMethodAccessorImpl.java:43)
	at org.openqa.selenium.support.events.EventFiringWebDriver$EventFiringWebElement.lambda$new$0(EventFiringWebDriver.java:404)
	at jdk.proxy2/jdk.proxy2.$Proxy26.click(Unknown Source)
	at org.openqa.selenium.support.events.EventFiringWebDriver$EventFiringWebElement.click(EventFiringWebDriver.java:417)
	at org.openqa.selenium.WebElement$click.call(Unknown Source)
	at com.kms.katalon.core.webui.keyword.builtin.ClickKeyword.clickUntilSuccessWithTimeout(ClickKeyword.groovy:81)
	at com.kms.katalon.core.webui.keyword.builtin.ClickKeyword.clickUntilSuccessWithTimeout(ClickKeyword.groovy)
	at jdk.internal.reflect.GeneratedMethodAccessor12.invoke(Unknown Source)
	at java.base/jdk.internal.reflect.DelegatingMethodAccessorImpl.invoke(DelegatingMethodAccessorImpl.java:43)
	at com.kms.katalon.core.webui.keyword.builtin.ClickKeyword$_click_closure1.doCall(ClickKeyword.groovy:67)
	at com.kms.katalon.core.webui.keyword.builtin.ClickKeyword$_click_closure1.call(ClickKeyword.groovy)
	at com.kms.katalon.core.webui.keyword.internal.WebUIKeywordMain.runKeyword(WebUIKeywordMain.groovy:20)
	... 23 more


2023-11-01 10:07:46 - [TEST_STEP][PASSED] - Start listener action : sampleBeforeTestCase: null

2023-11-01 10:07:46 - [TEST_STEP][PASSED] - println(testCaseContext.getTestCaseId()): null

2023-11-01 10:07:46 - [TEST_STEP][PASSED] - println(testCaseContext.getTestCaseVariables()): null

2023-11-01 10:07:46 - [TEST_STEP][PASSED] - openBrowser(""): Browser is opened with url: ''

2023-11-01 10:07:46 - [MESSAGE][WARNING] - A browser is already opened. Closing browser and opening a new one

2023-11-01 10:07:47 - [MESSAGE][INFO] - Starting 'Chrome' driver

2023-11-01 10:07:47 - [MESSAGE][INFO] - Action delay is set to 0 milliseconds

2023-11-01 10:07:50 - [MESSAGE][PASSED] - Browser is opened with url: ''

2023-11-01 10:07:50 - [TEST_STEP][PASSED] - navigateToUrl("https://www2.deloitte.com/us/en.html"): Navigate to 'https://www2.deloitte.com/us/en.html' successfully

2023-11-01 10:07:52 - [MESSAGE][PASSED] - Navigate to 'https://www2.deloitte.com/us/en.html' successfully

2023-11-01 10:07:52 - [TEST_STEP][PASSED] - maximizeWindow(): Current window maximized

2023-11-01 10:07:52 - [MESSAGE][PASSED] - Current window maximized

2023-11-01 10:07:52 - [TEST_STEP][PASSED] - click(findTestObject("Object Repository/Deloitte/Page_Deloitte US  Audit, Consulting, Adviso_ec7ae4/button_Accept and close")): Object: 'Object Repository/Deloitte/Page_Deloitte US  Audit, Consulting, Adviso_ec7ae4/button_Accept and close' is clicked on

2023-11-01 10:07:57 - [MESSAGE][PASSED] - Object: 'Object Repository/Deloitte/Page_Deloitte US  Audit, Consulting, Adviso_ec7ae4/button_Accept and close' is clicked on

2023-11-01 10:07:57 - [TEST_STEP][PASSED] - click(findTestObject("Object Repository/Deloitte/Page_Deloitte US  Audit, Consulting, Adviso_ec7ae4/i_icon-search")): Object: 'Object Repository/Deloitte/Page_Deloitte US  Audit, Consulting, Adviso_ec7ae4/i_icon-search' is clicked on

2023-11-01 10:07:58 - [MESSAGE][PASSED] - Object: 'Object Repository/Deloitte/Page_Deloitte US  Audit, Consulting, Adviso_ec7ae4/i_icon-search' is clicked on

2023-11-01 10:07:58 - [TEST_STEP][FAILED] - click(findTestObject("Object Repository/Deloitte/Page_Deloitte US  Audit, Consulting, Adviso_ec7ae4/a_Experienced Professionals")): Unable to click on object 'Object Repository/Deloitte/Page_Deloitte US  Audit, Consulting, Adviso_ec7ae4/a_Experienced Professionals' (Root cause: com.kms.katalon.core.exception.StepFailedException: Unable to click on object 'Object Repository/Deloitte/Page_Deloitte US  Audit, Consulting, Adviso_ec7ae4/a_Experienced Professionals'
	at com.kms.katalon.core.webui.keyword.internal.WebUIKeywordMain.stepFailed(WebUIKeywordMain.groovy:64)
	at com.kms.katalon.core.webui.keyword.internal.WebUIKeywordMain.runKeyword(WebUIKeywordMain.groovy:26)
	at com.kms.katalon.core.webui.keyword.builtin.ClickKeyword.click(ClickKeyword.groovy:74)
	at com.kms.katalon.core.webui.keyword.builtin.ClickKeyword.execute(ClickKeyword.groovy:40)
	at com.kms.katalon.core.keyword.internal.KeywordExecutor.executeKeywordForPlatform(KeywordExecutor.groovy:74)
	at com.kms.katalon.core.webui.keyword.WebUiBuiltInKeywords.click(WebUiBuiltInKeywords.groovy:620)
	at Deloitte - Search job within Deloitte Careers.run(Deloitte - Search job within Deloitte Careers:30)
	at com.kms.katalon.core.main.ScriptEngine.run(ScriptEngine.java:194)
	at com.kms.katalon.core.main.ScriptEngine.runScriptAsRawText(ScriptEngine.java:119)
	at com.kms.katalon.core.main.TestCaseExecutor.runScript(TestCaseExecutor.java:448)
	at com.kms.katalon.core.main.TestCaseExecutor.doExecute(TestCaseExecutor.java:439)
	at com.kms.katalon.core.main.TestCaseExecutor.processExecutionPhase(TestCaseExecutor.java:418)
	at com.kms.katalon.core.main.TestCaseExecutor.accessMainPhase(TestCaseExecutor.java:410)
	at com.kms.katalon.core.main.TestCaseExecutor.execute(TestCaseExecutor.java:285)
	at com.kms.katalon.core.main.TestCaseExecutor.execute(TestCaseExecutor.java:369)
	at com.kms.katalon.core.main.TestCaseExecutor.execute(TestCaseExecutor.java:369)
	at com.kms.katalon.core.main.TestCaseExecutor.execute(TestCaseExecutor.java:369)
	at com.kms.katalon.core.common.CommonExecutor.accessTestCaseMainPhase(CommonExecutor.java:65)
	at com.kms.katalon.core.main.TestSuiteExecutor.accessTestSuiteMainPhase(TestSuiteExecutor.java:148)
	at com.kms.katalon.core.main.TestSuiteExecutor.execute(TestSuiteExecutor.java:106)
	at com.kms.katalon.core.main.TestCaseMain.startTestSuite(TestCaseMain.java:187)
	at TempTestSuite1698847576726.run(TempTestSuite1698847576726.groovy:36)
	at java.base/jdk.internal.reflect.NativeMethodAccessorImpl.invoke0(Native Method)
	at java.base/jdk.internal.reflect.NativeMethodAccessorImpl.invoke(NativeMethodAccessorImpl.java:77)
	at java.base/jdk.internal.reflect.DelegatingMethodAccessorImpl.invoke(DelegatingMethodAccessorImpl.java:43)
Caused by: org.openqa.selenium.ElementNotInteractableException: element not interactable
  (Session info: chrome=118.0.5993.118)
Build info: version: '3.141.59', revision: 'e82be7d358', time: '2018-11-14T08:25:53'
System info: host: 'USPRNRCHALIL2', ip: '10.0.0.182', os.name: 'Windows 10', os.arch: 'amd64', os.version: '10.0', java.version: '17.0.7'
Driver info: com.kms.katalon.selenium.driver.CChromeDriver
Capabilities {acceptInsecureCerts: false, browserName: chrome, browserVersion: 118.0.5993.118, chrome: {chromedriverVersion: 118.0.5993.70 (e52f33f30b91..., userDataDir: C:\Users\rchalil\AppData\Lo...}, fedcm:accounts: true, goog:chromeOptions: {debuggerAddress: localhost:56433}, javascriptEnabled: true, networkConnectionEnabled: false, pageLoadStrategy: normal, platform: WINDOWS, platformName: WINDOWS, proxy: Proxy(), setWindowRect: true, strictFileInteractability: false, timeouts: {implicit: 0, pageLoad: 300000, script: 30000}, unhandledPromptBehavior: dismiss and notify, webauthn:extension:credBlob: true, webauthn:extension:largeBlob: true, webauthn:extension:minPinLength: true, webauthn:extension:prf: true, webauthn:virtualAuthenticators: true}
Session ID: 1afc3e9bdc8fd2894c3346a61510bd41
	at java.base/jdk.internal.reflect.NativeConstructorAccessorImpl.newInstance0(Native Method)
	at java.base/jdk.internal.reflect.NativeConstructorAccessorImpl.newInstance(NativeConstructorAccessorImpl.java:77)
	at java.base/jdk.internal.reflect.DelegatingConstructorAccessorImpl.newInstance(DelegatingConstructorAccessorImpl.java:45)
	at org.openqa.selenium.remote.http.W3CHttpResponseCodec.createException(W3CHttpResponseCodec.java:187)
	at org.openqa.selenium.remote.http.W3CHttpResponseCodec.decode(W3CHttpResponseCodec.java:122)
	at org.openqa.selenium.remote.http.W3CHttpResponseCodec.decode(W3CHttpResponseCodec.java:49)
	at org.openqa.selenium.remote.HttpCommandExecutor.execute(HttpCommandExecutor.java:158)
	at org.openqa.selenium.remote.service.DriverCommandExecutor.execute(DriverCommandExecutor.java:83)
	at org.openqa.selenium.remote.RemoteWebDriver.execute(RemoteWebDriver.java:552)
	at com.kms.katalon.selenium.driver.CChromeDriver.execute(CChromeDriver.java:19)
	at org.openqa.selenium.remote.RemoteWebElement.execute(RemoteWebElement.java:285)
	at org.openqa.selenium.remote.RemoteWebElement.click(RemoteWebElement.java:84)
	at jdk.internal.reflect.GeneratedMethodAccessor14.invoke(Unknown Source)
	at java.base/jdk.internal.reflect.DelegatingMethodAccessorImpl.invoke(DelegatingMethodAccessorImpl.java:43)
	at org.openqa.selenium.support.events.EventFiringWebDriver$EventFiringWebElement.lambda$new$0(EventFiringWebDriver.java:404)
	at jdk.proxy2/jdk.proxy2.$Proxy26.click(Unknown Source)
	at org.openqa.selenium.support.events.EventFiringWebDriver$EventFiringWebElement.click(EventFiringWebDriver.java:417)
	at org.openqa.selenium.WebElement$click.call(Unknown Source)
	at com.kms.katalon.core.webui.keyword.builtin.ClickKeyword.clickUntilSuccessWithTimeout(ClickKeyword.groovy:81)
	at com.kms.katalon.core.webui.keyword.builtin.ClickKeyword.clickUntilSuccessWithTimeout(ClickKeyword.groovy)
	at jdk.internal.reflect.GeneratedMethodAccessor12.invoke(Unknown Source)
	at java.base/jdk.internal.reflect.DelegatingMethodAccessorImpl.invoke(DelegatingMethodAccessorImpl.java:43)
	at com.kms.katalon.core.webui.keyword.builtin.ClickKeyword$_click_closure1.doCall(ClickKeyword.groovy:67)
	at com.kms.katalon.core.webui.keyword.builtin.ClickKeyword$_click_closure1.call(ClickKeyword.groovy)
	at com.kms.katalon.core.webui.keyword.internal.WebUIKeywordMain.runKeyword(WebUIKeywordMain.groovy:20)
	at com.kms.katalon.core.webui.keyword.builtin.ClickKeyword.click(ClickKeyword.groovy:74)
	at com.kms.katalon.core.webui.keyword.builtin.ClickKeyword.execute(ClickKeyword.groovy:40)
	at com.kms.katalon.core.keyword.internal.KeywordExecutor.executeKeywordForPlatform(KeywordExecutor.groovy:74)
	at com.kms.katalon.core.webui.keyword.WebUiBuiltInKeywords.click(WebUiBuiltInKeywords.groovy:620)
	at Script1698804000480.run(Script1698804000480.groovy:30)
	... 18 more
)

2023-11-01 10:07:59 - [MESSAGE][FAILED] - Unable to click on object 'Object Repository/Deloitte/Page_Deloitte US  Audit, Consulting, Adviso_ec7ae4/a_Experienced Professionals' (Root cause: com.kms.katalon.core.exception.StepFailedException: Unable to click on object 'Object Repository/Deloitte/Page_Deloitte US  Audit, Consulting, Adviso_ec7ae4/a_Experienced Professionals'
	at com.kms.katalon.core.webui.keyword.internal.WebUIKeywordMain.stepFailed(WebUIKeywordMain.groovy:64)
	at com.kms.katalon.core.webui.keyword.internal.WebUIKeywordMain.runKeyword(WebUIKeywordMain.groovy:26)
	at com.kms.katalon.core.webui.keyword.builtin.ClickKeyword.click(ClickKeyword.groovy:74)
	at com.kms.katalon.core.webui.keyword.builtin.ClickKeyword.execute(ClickKeyword.groovy:40)
	at com.kms.katalon.core.keyword.internal.KeywordExecutor.executeKeywordForPlatform(KeywordExecutor.groovy:74)
	at com.kms.katalon.core.webui.keyword.WebUiBuiltInKeywords.click(WebUiBuiltInKeywords.groovy:620)
	at Deloitte - Search job within Deloitte Careers.run(Deloitte - Search job within Deloitte Careers:30)
	at com.kms.katalon.core.main.ScriptEngine.run(ScriptEngine.java:194)
	at com.kms.katalon.core.main.ScriptEngine.runScriptAsRawText(ScriptEngine.java:119)
	at com.kms.katalon.core.main.TestCaseExecutor.runScript(TestCaseExecutor.java:448)
	at com.kms.katalon.core.main.TestCaseExecutor.doExecute(TestCaseExecutor.java:439)
	at com.kms.katalon.core.main.TestCaseExecutor.processExecutionPhase(TestCaseExecutor.java:418)
	at com.kms.katalon.core.main.TestCaseExecutor.accessMainPhase(TestCaseExecutor.java:410)
	at com.kms.katalon.core.main.TestCaseExecutor.execute(TestCaseExecutor.java:285)
	at com.kms.katalon.core.main.TestCaseExecutor.execute(TestCaseExecutor.java:369)
	at com.kms.katalon.core.main.TestCaseExecutor.execute(TestCaseExecutor.java:369)
	at com.kms.katalon.core.main.TestCaseExecutor.execute(TestCaseExecutor.java:369)
	at com.kms.katalon.core.common.CommonExecutor.accessTestCaseMainPhase(CommonExecutor.java:65)
	at com.kms.katalon.core.main.TestSuiteExecutor.accessTestSuiteMainPhase(TestSuiteExecutor.java:148)
	at com.kms.katalon.core.main.TestSuiteExecutor.execute(TestSuiteExecutor.java:106)
	at com.kms.katalon.core.main.TestCaseMain.startTestSuite(TestCaseMain.java:187)
	at TempTestSuite1698847576726.run(TempTestSuite1698847576726.groovy:36)
	at java.base/jdk.internal.reflect.NativeMethodAccessorImpl.invoke0(Native Method)
	at java.base/jdk.internal.reflect.NativeMethodAccessorImpl.invoke(NativeMethodAccessorImpl.java:77)
	at java.base/jdk.internal.reflect.DelegatingMethodAccessorImpl.invoke(DelegatingMethodAccessorImpl.java:43)
Caused by: org.openqa.selenium.ElementNotInteractableException: element not interactable
  (Session info: chrome=118.0.5993.118)
Build info: version: '3.141.59', revision: 'e82be7d358', time: '2018-11-14T08:25:53'
System info: host: 'USPRNRCHALIL2', ip: '10.0.0.182', os.name: 'Windows 10', os.arch: 'amd64', os.version: '10.0', java.version: '17.0.7'
Driver info: com.kms.katalon.selenium.driver.CChromeDriver
Capabilities {acceptInsecureCerts: false, browserName: chrome, browserVersion: 118.0.5993.118, chrome: {chromedriverVersion: 118.0.5993.70 (e52f33f30b91..., userDataDir: C:\Users\rchalil\AppData\Lo...}, fedcm:accounts: true, goog:chromeOptions: {debuggerAddress: localhost:56433}, javascriptEnabled: true, networkConnectionEnabled: false, pageLoadStrategy: normal, platform: WINDOWS, platformName: WINDOWS, proxy: Proxy(), setWindowRect: true, strictFileInteractability: false, timeouts: {implicit: 0, pageLoad: 300000, script: 30000}, unhandledPromptBehavior: dismiss and notify, webauthn:extension:credBlob: true, webauthn:extension:largeBlob: true, webauthn:extension:minPinLength: true, webauthn:extension:prf: true, webauthn:virtualAuthenticators: true}
Session ID: 1afc3e9bdc8fd2894c3346a61510bd41
	at java.base/jdk.internal.reflect.NativeConstructorAccessorImpl.newInstance0(Native Method)
	at java.base/jdk.internal.reflect.NativeConstructorAccessorImpl.newInstance(NativeConstructorAccessorImpl.java:77)
	at java.base/jdk.internal.reflect.DelegatingConstructorAccessorImpl.newInstance(DelegatingConstructorAccessorImpl.java:45)
	at org.openqa.selenium.remote.http.W3CHttpResponseCodec.createException(W3CHttpResponseCodec.java:187)
	at org.openqa.selenium.remote.http.W3CHttpResponseCodec.decode(W3CHttpResponseCodec.java:122)
	at org.openqa.selenium.remote.http.W3CHttpResponseCodec.decode(W3CHttpResponseCodec.java:49)
	at org.openqa.selenium.remote.HttpCommandExecutor.execute(HttpCommandExecutor.java:158)
	at org.openqa.selenium.remote.service.DriverCommandExecutor.execute(DriverCommandExecutor.java:83)
	at org.openqa.selenium.remote.RemoteWebDriver.execute(RemoteWebDriver.java:552)
	at com.kms.katalon.selenium.driver.CChromeDriver.execute(CChromeDriver.java:19)
	at org.openqa.selenium.remote.RemoteWebElement.execute(RemoteWebElement.java:285)
	at org.openqa.selenium.remote.RemoteWebElement.click(RemoteWebElement.java:84)
	at jdk.internal.reflect.GeneratedMethodAccessor14.invoke(Unknown Source)
	at java.base/jdk.internal.reflect.DelegatingMethodAccessorImpl.invoke(DelegatingMethodAccessorImpl.java:43)
	at org.openqa.selenium.support.events.EventFiringWebDriver$EventFiringWebElement.lambda$new$0(EventFiringWebDriver.java:404)
	at jdk.proxy2/jdk.proxy2.$Proxy26.click(Unknown Source)
	at org.openqa.selenium.support.events.EventFiringWebDriver$EventFiringWebElement.click(EventFiringWebDriver.java:417)
	at org.openqa.selenium.WebElement$click.call(Unknown Source)
	at com.kms.katalon.core.webui.keyword.builtin.ClickKeyword.clickUntilSuccessWithTimeout(ClickKeyword.groovy:81)
	at com.kms.katalon.core.webui.keyword.builtin.ClickKeyword.clickUntilSuccessWithTimeout(ClickKeyword.groovy)
	at jdk.internal.reflect.GeneratedMethodAccessor12.invoke(Unknown Source)
	at java.base/jdk.internal.reflect.DelegatingMethodAccessorImpl.invoke(DelegatingMethodAccessorImpl.java:43)
	at com.kms.katalon.core.webui.keyword.builtin.ClickKeyword$_click_closure1.doCall(ClickKeyword.groovy:67)
	at com.kms.katalon.core.webui.keyword.builtin.ClickKeyword$_click_closure1.call(ClickKeyword.groovy)
	at com.kms.katalon.core.webui.keyword.internal.WebUIKeywordMain.runKeyword(WebUIKeywordMain.groovy:20)
	at com.kms.katalon.core.webui.keyword.builtin.ClickKeyword.click(ClickKeyword.groovy:74)
	at com.kms.katalon.core.webui.keyword.builtin.ClickKeyword.execute(ClickKeyword.groovy:40)
	at com.kms.katalon.core.keyword.internal.KeywordExecutor.executeKeywordForPlatform(KeywordExecutor.groovy:74)
	at com.kms.katalon.core.webui.keyword.WebUiBuiltInKeywords.click(WebUiBuiltInKeywords.groovy:620)
	at Script1698804000480.run(Script1698804000480.groovy:30)
	... 18 more
)
[[ATTACHMENT|C:\\Users\\rchalil\\Katalon Studio\\My First Web UI Project\\Reports\\20231101_100616\\Reshna - All TCs Suite2\\20231101_100616\\1698847678948.png]]

2023-11-01 10:07:59 - [TEST_STEP][PASSED] - Start listener action : sampleAfterTestCase: null

2023-11-01 10:07:59 - [TEST_STEP][PASSED] - println(testCaseContext.getTestCaseId()): null

2023-11-01 10:07:59 - [TEST_STEP][PASSED] - println(testCaseContext.getTestCaseStatus()): null]]></system-out>
         <system-err><![CDATA[2023-11-01 10:07:46 - [TEST_CASE][FAILED] - Test Cases/Deloitte - Search job within Deloitte Careers: Test Cases/Deloitte - Search job within Deloitte Careers FAILED.
Reason:
com.kms.katalon.core.exception.StepFailedException: Unable to click on object 'Object Repository/Deloitte/Page_Deloitte US  Audit, Consulting, Adviso_ec7ae4/a_Experienced Professionals'
	at com.kms.katalon.core.webui.keyword.internal.WebUIKeywordMain.stepFailed(WebUIKeywordMain.groovy:64)
	at com.kms.katalon.core.webui.keyword.internal.WebUIKeywordMain.runKeyword(WebUIKeywordMain.groovy:26)
	at com.kms.katalon.core.webui.keyword.builtin.ClickKeyword.click(ClickKeyword.groovy:74)
	at com.kms.katalon.core.webui.keyword.builtin.ClickKeyword.execute(ClickKeyword.groovy:40)
	at com.kms.katalon.core.keyword.internal.KeywordExecutor.executeKeywordForPlatform(KeywordExecutor.groovy:74)
	at com.kms.katalon.core.webui.keyword.WebUiBuiltInKeywords.click(WebUiBuiltInKeywords.groovy:620)
	at Deloitte - Search job within Deloitte Careers.run(Deloitte - Search job within Deloitte Careers:30)
	at com.kms.katalon.core.main.ScriptEngine.run(ScriptEngine.java:194)
	at com.kms.katalon.core.main.ScriptEngine.runScriptAsRawText(ScriptEngine.java:119)
	at com.kms.katalon.core.main.TestCaseExecutor.runScript(TestCaseExecutor.java:448)
	at com.kms.katalon.core.main.TestCaseExecutor.doExecute(TestCaseExecutor.java:439)
	at com.kms.katalon.core.main.TestCaseExecutor.processExecutionPhase(TestCaseExecutor.java:418)
	at com.kms.katalon.core.main.TestCaseExecutor.accessMainPhase(TestCaseExecutor.java:410)
	at com.kms.katalon.core.main.TestCaseExecutor.execute(TestCaseExecutor.java:285)
	at com.kms.katalon.core.main.TestCaseExecutor.execute(TestCaseExecutor.java:369)
	at com.kms.katalon.core.main.TestCaseExecutor.execute(TestCaseExecutor.java:369)
	at com.kms.katalon.core.main.TestCaseExecutor.execute(TestCaseExecutor.java:369)
	at com.kms.katalon.core.common.CommonExecutor.accessTestCaseMainPhase(CommonExecutor.java:65)
	at com.kms.katalon.core.main.TestSuiteExecutor.accessTestSuiteMainPhase(TestSuiteExecutor.java:148)
	at com.kms.katalon.core.main.TestSuiteExecutor.execute(TestSuiteExecutor.java:106)
	at com.kms.katalon.core.main.TestCaseMain.startTestSuite(TestCaseMain.java:187)
	at TempTestSuite1698847576726.run(TempTestSuite1698847576726.groovy:36)
	at java.base/jdk.internal.reflect.NativeMethodAccessorImpl.invoke0(Native Method)
	at java.base/jdk.internal.reflect.NativeMethodAccessorImpl.invoke(NativeMethodAccessorImpl.java:77)
	at java.base/jdk.internal.reflect.DelegatingMethodAccessorImpl.invoke(DelegatingMethodAccessorImpl.java:43)
Caused by: org.openqa.selenium.ElementNotInteractableException: element not interactable
  (Session info: chrome=118.0.5993.118)
Build info: version: '3.141.59', revision: 'e82be7d358', time: '2018-11-14T08:25:53'
System info: host: 'USPRNRCHALIL2', ip: '10.0.0.182', os.name: 'Windows 10', os.arch: 'amd64', os.version: '10.0', java.version: '17.0.7'
Driver info: com.kms.katalon.selenium.driver.CChromeDriver
Capabilities {acceptInsecureCerts: false, browserName: chrome, browserVersion: 118.0.5993.118, chrome: {chromedriverVersion: 118.0.5993.70 (e52f33f30b91..., userDataDir: C:\Users\rchalil\AppData\Lo...}, fedcm:accounts: true, goog:chromeOptions: {debuggerAddress: localhost:56433}, javascriptEnabled: true, networkConnectionEnabled: false, pageLoadStrategy: normal, platform: WINDOWS, platformName: WINDOWS, proxy: Proxy(), setWindowRect: true, strictFileInteractability: false, timeouts: {implicit: 0, pageLoad: 300000, script: 30000}, unhandledPromptBehavior: dismiss and notify, webauthn:extension:credBlob: true, webauthn:extension:largeBlob: true, webauthn:extension:minPinLength: true, webauthn:extension:prf: true, webauthn:virtualAuthenticators: true}
Session ID: 1afc3e9bdc8fd2894c3346a61510bd41
	at java.base/jdk.internal.reflect.NativeConstructorAccessorImpl.newInstance0(Native Method)
	at java.base/jdk.internal.reflect.NativeConstructorAccessorImpl.newInstance(NativeConstructorAccessorImpl.java:77)
	at java.base/jdk.internal.reflect.DelegatingConstructorAccessorImpl.newInstance(DelegatingConstructorAccessorImpl.java:45)
	at org.openqa.selenium.remote.http.W3CHttpResponseCodec.createException(W3CHttpResponseCodec.java:187)
	at org.openqa.selenium.remote.http.W3CHttpResponseCodec.decode(W3CHttpResponseCodec.java:122)
	at org.openqa.selenium.remote.http.W3CHttpResponseCodec.decode(W3CHttpResponseCodec.java:49)
	at org.openqa.selenium.remote.HttpCommandExecutor.execute(HttpCommandExecutor.java:158)
	at org.openqa.selenium.remote.service.DriverCommandExecutor.execute(DriverCommandExecutor.java:83)
	at org.openqa.selenium.remote.RemoteWebDriver.execute(RemoteWebDriver.java:552)
	at com.kms.katalon.selenium.driver.CChromeDriver.execute(CChromeDriver.java:19)
	at org.openqa.selenium.remote.RemoteWebElement.execute(RemoteWebElement.java:285)
	at org.openqa.selenium.remote.RemoteWebElement.click(RemoteWebElement.java:84)
	at jdk.internal.reflect.GeneratedMethodAccessor14.invoke(Unknown Source)
	at java.base/jdk.internal.reflect.DelegatingMethodAccessorImpl.invoke(DelegatingMethodAccessorImpl.java:43)
	at org.openqa.selenium.support.events.EventFiringWebDriver$EventFiringWebElement.lambda$new$0(EventFiringWebDriver.java:404)
	at jdk.proxy2/jdk.proxy2.$Proxy26.click(Unknown Source)
	at org.openqa.selenium.support.events.EventFiringWebDriver$EventFiringWebElement.click(EventFiringWebDriver.java:417)
	at org.openqa.selenium.WebElement$click.call(Unknown Source)
	at com.kms.katalon.core.webui.keyword.builtin.ClickKeyword.clickUntilSuccessWithTimeout(ClickKeyword.groovy:81)
	at com.kms.katalon.core.webui.keyword.builtin.ClickKeyword.clickUntilSuccessWithTimeout(ClickKeyword.groovy)
	at jdk.internal.reflect.GeneratedMethodAccessor12.invoke(Unknown Source)
	at java.base/jdk.internal.reflect.DelegatingMethodAccessorImpl.invoke(DelegatingMethodAccessorImpl.java:43)
	at com.kms.katalon.core.webui.keyword.builtin.ClickKeyword$_click_closure1.doCall(ClickKeyword.groovy:67)
	at com.kms.katalon.core.webui.keyword.builtin.ClickKeyword$_click_closure1.call(ClickKeyword.groovy)
	at com.kms.katalon.core.webui.keyword.internal.WebUIKeywordMain.runKeyword(WebUIKeywordMain.groovy:20)
	... 23 more]]></system-err>
      </testcase>
      <testcase name="Test Cases/Deloitte - Verify Deloitte Login with invalid credentials" time="9.821" classname="Test Cases/Deloitte - Verify Deloitte Login with invalid credentials" status="PASSED">
         <system-out><![CDATA[2023-11-01 10:07:59 - [TEST_CASE][PASSED] - Test Cases/Deloitte - Verify Deloitte Login with invalid credentials: Test Cases/Deloitte - Verify Deloitte Login with invalid credentials

2023-11-01 10:07:59 - [TEST_STEP][PASSED] - Start listener action : sampleBeforeTestCase: null

2023-11-01 10:07:59 - [TEST_STEP][PASSED] - println(testCaseContext.getTestCaseId()): null

2023-11-01 10:07:59 - [TEST_STEP][PASSED] - println(testCaseContext.getTestCaseVariables()): null

2023-11-01 10:07:59 - [TEST_STEP][PASSED] - openBrowser(""): Browser is opened with url: ''

2023-11-01 10:07:59 - [MESSAGE][WARNING] - A browser is already opened. Closing browser and opening a new one

2023-11-01 10:07:59 - [MESSAGE][INFO] - Starting 'Chrome' driver

2023-11-01 10:07:59 - [MESSAGE][INFO] - Action delay is set to 0 milliseconds

2023-11-01 10:08:02 - [MESSAGE][PASSED] - Browser is opened with url: ''

2023-11-01 10:08:02 - [TEST_STEP][PASSED] - navigateToUrl("https://apply.deloitte.com/"): Navigate to 'https://apply.deloitte.com/' successfully

2023-11-01 10:08:05 - [MESSAGE][PASSED] - Navigate to 'https://apply.deloitte.com/' successfully

2023-11-01 10:08:05 - [TEST_STEP][PASSED] - maximizeWindow(): Current window maximized

2023-11-01 10:08:05 - [MESSAGE][PASSED] - Current window maximized

2023-11-01 10:08:05 - [TEST_STEP][PASSED] - click(findTestObject("Object Repository/Deloitte/Page_Job Search  Deloitte US/a_Login")): Object: 'Object Repository/Deloitte/Page_Job Search  Deloitte US/a_Login' is clicked on

2023-11-01 10:08:06 - [MESSAGE][PASSED] - Object: 'Object Repository/Deloitte/Page_Job Search  Deloitte US/a_Login' is clicked on

2023-11-01 10:08:06 - [TEST_STEP][PASSED] - click(findTestObject("Object Repository/Deloitte/Page_Login  Deloitte US/button_Log in")): Object: 'Object Repository/Deloitte/Page_Login  Deloitte US/button_Log in' is clicked on

2023-11-01 10:08:07 - [MESSAGE][PASSED] - Object: 'Object Repository/Deloitte/Page_Login  Deloitte US/button_Log in' is clicked on

2023-11-01 10:08:07 - [TEST_STEP][PASSED] - verifyElementText(findTestObject("Object Repository/Deloitte/Page_Login  Deloitte US/div_Username is required"), "Username is required."): Actual text and expected text of test object 'Object Repository/Deloitte/Page_Login  Deloitte US/div_Username is required' are matched.

2023-11-01 10:08:08 - [MESSAGE][PASSED] - Actual text and expected text of test object 'Object Repository/Deloitte/Page_Login  Deloitte US/div_Username is required' are matched.

2023-11-01 10:08:08 - [TEST_STEP][PASSED] - verifyElementText(findTestObject("Object Repository/Deloitte/Page_Login  Deloitte US/div_Password is required"), "Password is required."): Actual text and expected text of test object 'Object Repository/Deloitte/Page_Login  Deloitte US/div_Password is required' are matched.

2023-11-01 10:08:08 - [MESSAGE][PASSED] - Actual text and expected text of test object 'Object Repository/Deloitte/Page_Login  Deloitte US/div_Password is required' are matched.

2023-11-01 10:08:08 - [TEST_STEP][PASSED] - closeBrowser(): Browser is closed

2023-11-01 10:08:09 - [MESSAGE][PASSED] - Browser is closed

2023-11-01 10:08:09 - [TEST_STEP][PASSED] - Start listener action : sampleAfterTestCase: null

2023-11-01 10:08:09 - [TEST_STEP][PASSED] - println(testCaseContext.getTestCaseId()): null

2023-11-01 10:08:09 - [TEST_STEP][PASSED] - println(testCaseContext.getTestCaseStatus()): null]]></system-out>
         <system-err><![CDATA[]]></system-err>
      </testcase>
      <testcase name="Test Cases/Download Deloitte Survey findins - Switch Window" time="16.895" classname="Test Cases/Download Deloitte Survey findins - Switch Window" status="PASSED">
         <system-out><![CDATA[2023-11-01 10:08:09 - [TEST_CASE][PASSED] - Test Cases/Download Deloitte Survey findins - Switch Window: Test Cases/Download Deloitte Survey findins - Switch Window

2023-11-01 10:08:09 - [TEST_STEP][PASSED] - Start listener action : sampleBeforeTestCase: null

2023-11-01 10:08:09 - [TEST_STEP][PASSED] - println(testCaseContext.getTestCaseId()): null

2023-11-01 10:08:09 - [TEST_STEP][PASSED] - println(testCaseContext.getTestCaseVariables()): null

2023-11-01 10:08:09 - [TEST_STEP][PASSED] - openBrowser(""): Browser is opened with url: ''

2023-11-01 10:08:09 - [MESSAGE][INFO] - Starting 'Chrome' driver

2023-11-01 10:08:09 - [MESSAGE][INFO] - Action delay is set to 0 milliseconds

2023-11-01 10:08:12 - [MESSAGE][PASSED] - Browser is opened with url: ''

2023-11-01 10:08:12 - [TEST_STEP][PASSED] - navigateToUrl("https://www2.deloitte.com/us/en.html"): Navigate to 'https://www2.deloitte.com/us/en.html' successfully

2023-11-01 10:08:14 - [MESSAGE][PASSED] - Navigate to 'https://www2.deloitte.com/us/en.html' successfully

2023-11-01 10:08:14 - [TEST_STEP][PASSED] - maximizeWindow(): Current window maximized

2023-11-01 10:08:15 - [MESSAGE][PASSED] - Current window maximized

2023-11-01 10:08:15 - [TEST_STEP][PASSED] - click(findTestObject("Object Repository/Deloitte/Page_Deloitte US  Audit, Consulting, Adviso_ec7ae4/button_Accept and close")): Object: 'Object Repository/Deloitte/Page_Deloitte US  Audit, Consulting, Adviso_ec7ae4/button_Accept and close' is clicked on

2023-11-01 10:08:20 - [MESSAGE][PASSED] - Object: 'Object Repository/Deloitte/Page_Deloitte US  Audit, Consulting, Adviso_ec7ae4/button_Accept and close' is clicked on

2023-11-01 10:08:20 - [TEST_STEP][PASSED] - click(findTestObject("Object Repository/Deloitte/Page_Deloitte US  Audit, Consulting, Adviso_ec7ae4/div_Read the survey findings")): Object: 'Object Repository/Deloitte/Page_Deloitte US  Audit, Consulting, Adviso_ec7ae4/div_Read the survey findings' is clicked on

2023-11-01 10:08:24 - [MESSAGE][PASSED] - Object: 'Object Repository/Deloitte/Page_Deloitte US  Audit, Consulting, Adviso_ec7ae4/div_Read the survey findings' is clicked on

2023-11-01 10:08:24 - [TEST_STEP][PASSED] - click(findTestObject("Object Repository/Deloitte/Page_2023 Deloitte holiday retail survey  D_2a1ba5/img")): Object: 'Object Repository/Deloitte/Page_2023 Deloitte holiday retail survey  D_2a1ba5/img' is clicked on

2023-11-01 10:08:25 - [MESSAGE][PASSED] - Object: 'Object Repository/Deloitte/Page_2023 Deloitte holiday retail survey  D_2a1ba5/img' is clicked on

2023-11-01 10:08:25 - [TEST_STEP][PASSED] - closeBrowser(): Browser is closed

2023-11-01 10:08:26 - [MESSAGE][PASSED] - Browser is closed

2023-11-01 10:08:26 - [TEST_STEP][PASSED] - Start listener action : sampleAfterTestCase: null

2023-11-01 10:08:26 - [TEST_STEP][PASSED] - println(testCaseContext.getTestCaseId()): null

2023-11-01 10:08:26 - [TEST_STEP][PASSED] - println(testCaseContext.getTestCaseStatus()): null]]></system-out>
         <system-err><![CDATA[]]></system-err>
      </testcase>
      <testcase name="Test Cases/Gmail - Forgot email verification" time="38.162" classname="Test Cases/Gmail - Forgot email verification" status="PASSED">
         <system-out><![CDATA[2023-11-01 10:08:26 - [TEST_CASE][PASSED] - Test Cases/Gmail - Forgot email verification: Test Cases/Gmail - Forgot email verification

2023-11-01 10:08:26 - [TEST_STEP][PASSED] - Start listener action : sampleBeforeTestCase: null

2023-11-01 10:08:26 - [TEST_STEP][PASSED] - println(testCaseContext.getTestCaseId()): null

2023-11-01 10:08:26 - [TEST_STEP][PASSED] - println(testCaseContext.getTestCaseVariables()): null

2023-11-01 10:08:26 - [TEST_STEP][PASSED] - openBrowser(""): Browser is opened with url: ''

2023-11-01 10:08:26 - [MESSAGE][INFO] - Starting 'Chrome' driver

2023-11-01 10:08:26 - [MESSAGE][INFO] - Action delay is set to 0 milliseconds

2023-11-01 10:08:29 - [MESSAGE][PASSED] - Browser is opened with url: ''

2023-11-01 10:08:29 - [TEST_STEP][PASSED] - navigateToUrl("https://accounts.google.com/v3/signin/identifier?continue=https%3A%2F%2Fmail.google.com%2Fmail%2Fu%2F0%2F&emr=1&followup=https%3A%2F%2Fmail.google.com%2Fmail%2Fu%2F0%2F&ifkv=AVQVeyz2KxDaCIoSux7c4LnD_19qaKALraXqCL6tDXgQtR0fl_r0sRWKJdWPPWF9Ald7Va9H4pwIZA&osid=1&passive=1209600&service=mail&flowName=GlifWebSignIn&flowEntry=ServiceLogin&dsh=S285881911%3A1698779896826121&theme=glif#inbox"): Navigate to 'https://accounts.google.com/v3/signin/identifier?continue=https%3A%2F%2Fmail.google.com%2Fmail%2Fu%2F0%2F&emr=1&followup=https%3A%2F%2Fmail.google.com%2Fmail%2Fu%2F0%2F&ifkv=AVQVeyz2KxDaCIoSux7c4LnD_19qaKALraXqCL6tDXgQtR0fl_r0sRWKJdWPPWF9Ald7Va9H4pwIZA&osid=1&passive=1209600&service=mail&flowName=GlifWebSignIn&flowEntry=ServiceLogin&dsh=S285881911%3A1698779896826121&theme=glif#inbox' successfully

2023-11-01 10:08:30 - [MESSAGE][PASSED] - Navigate to 'https://accounts.google.com/v3/signin/identifier?continue=https%3A%2F%2Fmail.google.com%2Fmail%2Fu%2F0%2F&emr=1&followup=https%3A%2F%2Fmail.google.com%2Fmail%2Fu%2F0%2F&ifkv=AVQVeyz2KxDaCIoSux7c4LnD_19qaKALraXqCL6tDXgQtR0fl_r0sRWKJdWPPWF9Ald7Va9H4pwIZA&osid=1&passive=1209600&service=mail&flowName=GlifWebSignIn&flowEntry=ServiceLogin&dsh=S285881911%3A1698779896826121&theme=glif#inbox' successfully

2023-11-01 10:08:30 - [TEST_STEP][PASSED] - maximizeWindow(): Current window maximized

2023-11-01 10:08:30 - [MESSAGE][PASSED] - Current window maximized

2023-11-01 10:08:30 - [TEST_STEP][PASSED] - click(findTestObject("Object Repository/Gmail/Page_Gmail/button_Forgot email")): Object: 'Object Repository/Gmail/Page_Gmail/button_Forgot email' is clicked on

2023-11-01 10:08:31 - [MESSAGE][PASSED] - Object: 'Object Repository/Gmail/Page_Gmail/button_Forgot email' is clicked on

2023-11-01 10:08:31 - [TEST_STEP][PASSED] - click(findTestObject("Object Repository/Gmail/Page_Gmail/span_Next")): Object: 'Object Repository/Gmail/Page_Gmail/span_Next' is clicked on

2023-11-01 10:09:03 - [MESSAGE][INFO] - Unable to find the element located by 'By.xpath: //div[@id='identifierNext']/div/button/span'. Please recheck the objects properties to make sure the desired element is located. 

2023-11-01 10:09:03 - [MESSAGE][WARNING] - [SELF-HEALING] Failed to find element with id 'Object Repository/Gmail/Page_Gmail/span_Next'. Try using Self-healing.

2023-11-01 10:09:03 - [MESSAGE][WARNING] - [SELF-HEALING] The current locator of test object 'Object Repository/Gmail/Page_Gmail/span_Next' was broken. Propose an alternative one: '//div[2]/div/div/div/div/button/span'.

2023-11-01 10:09:03 - [MESSAGE][PASSED] - Object: 'Object Repository/Gmail/Page_Gmail/span_Next' is clicked on

2023-11-01 10:09:03 - [TEST_STEP][PASSED] - verifyElementPresent(findTestObject("Object Repository/Gmail/Page_Gmail/div_Enter a valid email or phone number"), 0): Object 'Object Repository/Gmail/Page_Gmail/div_Enter a valid email or phone number' is present

2023-11-01 10:09:03 - [MESSAGE][WARNING] - Timeout '0' is invalid. Using default page load timeout: '30'

2023-11-01 10:09:03 - [MESSAGE][PASSED] - Object 'Object Repository/Gmail/Page_Gmail/div_Enter a valid email or phone number' is present

2023-11-01 10:09:03 - [TEST_STEP][PASSED] - closeBrowser(): Browser is closed

2023-11-01 10:09:04 - [MESSAGE][PASSED] - Browser is closed

2023-11-01 10:09:04 - [TEST_STEP][PASSED] - Start listener action : sampleAfterTestCase: null

2023-11-01 10:09:04 - [TEST_STEP][PASSED] - println(testCaseContext.getTestCaseId()): null

2023-11-01 10:09:04 - [TEST_STEP][PASSED] - println(testCaseContext.getTestCaseStatus()): null]]></system-out>
         <system-err><![CDATA[]]></system-err>
      </testcase>
      <testcase name="Test Cases/Gmail - Incorrect login verification" time="7.344" classname="Test Cases/Gmail - Incorrect login verification" status="PASSED">
         <system-out><![CDATA[2023-11-01 10:09:04 - [TEST_CASE][PASSED] - Test Cases/Gmail - Incorrect login verification: Test Cases/Gmail - Incorrect login verification

2023-11-01 10:09:04 - [TEST_STEP][PASSED] - Start listener action : sampleBeforeTestCase: null

2023-11-01 10:09:04 - [TEST_STEP][PASSED] - println(testCaseContext.getTestCaseId()): null

2023-11-01 10:09:04 - [TEST_STEP][PASSED] - println(testCaseContext.getTestCaseVariables()): null

2023-11-01 10:09:04 - [TEST_STEP][PASSED] - openBrowser(""): Browser is opened with url: ''

2023-11-01 10:09:04 - [MESSAGE][INFO] - Starting 'Chrome' driver

2023-11-01 10:09:04 - [MESSAGE][INFO] - Action delay is set to 0 milliseconds

2023-11-01 10:09:07 - [MESSAGE][PASSED] - Browser is opened with url: ''

2023-11-01 10:09:07 - [TEST_STEP][PASSED] - navigateToUrl("https://accounts.google.com/v3/signin/identifier?continue=https%3A%2F%2Fmail.google.com%2Fmail%2Fu%2F0%2F&emr=1&followup=https%3A%2F%2Fmail.google.com%2Fmail%2Fu%2F0%2F&ifkv=AVQVeywlj-QeinCv6drOjCNfoQ8bXTmpp7Hl7eVjr0AUWTEmWXqv0AIumDuU5lI3vpnkTyFo2aOM&osid=1&passive=1209600&service=mail&flowName=GlifWebSignIn&flowEntry=ServiceLogin&dsh=S-1458760932%3A1698778577004689&theme=glif#inbox"): Navigate to 'https://accounts.google.com/v3/signin/identifier?continue=https%3A%2F%2Fmail.google.com%2Fmail%2Fu%2F0%2F&emr=1&followup=https%3A%2F%2Fmail.google.com%2Fmail%2Fu%2F0%2F&ifkv=AVQVeywlj-QeinCv6drOjCNfoQ8bXTmpp7Hl7eVjr0AUWTEmWXqv0AIumDuU5lI3vpnkTyFo2aOM&osid=1&passive=1209600&service=mail&flowName=GlifWebSignIn&flowEntry=ServiceLogin&dsh=S-1458760932%3A1698778577004689&theme=glif#inbox' successfully

2023-11-01 10:09:08 - [MESSAGE][PASSED] - Navigate to 'https://accounts.google.com/v3/signin/identifier?continue=https%3A%2F%2Fmail.google.com%2Fmail%2Fu%2F0%2F&emr=1&followup=https%3A%2F%2Fmail.google.com%2Fmail%2Fu%2F0%2F&ifkv=AVQVeywlj-QeinCv6drOjCNfoQ8bXTmpp7Hl7eVjr0AUWTEmWXqv0AIumDuU5lI3vpnkTyFo2aOM&osid=1&passive=1209600&service=mail&flowName=GlifWebSignIn&flowEntry=ServiceLogin&dsh=S-1458760932%3A1698778577004689&theme=glif#inbox' successfully

2023-11-01 10:09:08 - [TEST_STEP][PASSED] - maximizeWindow(): Current window maximized

2023-11-01 10:09:08 - [MESSAGE][PASSED] - Current window maximized

2023-11-01 10:09:08 - [TEST_STEP][PASSED] - setText(findTestObject("Object Repository/Gmail/Page_Gmail/input_identifier"), "abcxyz"): Text 'abcxyz' is set on object 'Object Repository/Gmail/Page_Gmail/input_identifier'

2023-11-01 10:09:09 - [MESSAGE][PASSED] - Text 'abcxyz' is set on object 'Object Repository/Gmail/Page_Gmail/input_identifier'

2023-11-01 10:09:09 - [TEST_STEP][PASSED] - click(findTestObject("Object Repository/Gmail/Page_Gmail/span_Next")): Object: 'Object Repository/Gmail/Page_Gmail/span_Next' is clicked on

2023-11-01 10:09:10 - [MESSAGE][PASSED] - Object: 'Object Repository/Gmail/Page_Gmail/span_Next' is clicked on

2023-11-01 10:09:10 - [TEST_STEP][PASSED] - verifyElementPresent(findTestObject("Object Repository/Gmail/Page_Gmail/span_Couldnt sign you in"), 0): Object 'Object Repository/Gmail/Page_Gmail/span_Couldnt sign you in' is present

2023-11-01 10:09:10 - [MESSAGE][WARNING] - Timeout '0' is invalid. Using default page load timeout: '30'

2023-11-01 10:09:11 - [MESSAGE][PASSED] - Object 'Object Repository/Gmail/Page_Gmail/span_Couldnt sign you in' is present

2023-11-01 10:09:11 - [TEST_STEP][PASSED] - closeBrowser(): Browser is closed

2023-11-01 10:09:11 - [MESSAGE][PASSED] - Browser is closed

2023-11-01 10:09:11 - [TEST_STEP][PASSED] - Start listener action : sampleAfterTestCase: null

2023-11-01 10:09:11 - [TEST_STEP][PASSED] - println(testCaseContext.getTestCaseId()): null

2023-11-01 10:09:11 - [TEST_STEP][PASSED] - println(testCaseContext.getTestCaseStatus()): null]]></system-out>
         <system-err><![CDATA[]]></system-err>
      </testcase>
      <testcase name="Test Cases/Gmail - Try again with invalid login" time="12.284" classname="Test Cases/Gmail - Try again with invalid login" status="PASSED">
         <system-out><![CDATA[2023-11-01 10:09:11 - [TEST_CASE][PASSED] - Test Cases/Gmail - Try again with invalid login: Test Cases/Gmail - Try again with invalid login

2023-11-01 10:09:11 - [TEST_STEP][PASSED] - Start listener action : sampleBeforeTestCase: null

2023-11-01 10:09:11 - [TEST_STEP][PASSED] - println(testCaseContext.getTestCaseId()): null

2023-11-01 10:09:11 - [TEST_STEP][PASSED] - println(testCaseContext.getTestCaseVariables()): null

2023-11-01 10:09:11 - [TEST_STEP][PASSED] - openBrowser(""): Browser is opened with url: ''

2023-11-01 10:09:11 - [MESSAGE][INFO] - Starting 'Chrome' driver

2023-11-01 10:09:11 - [MESSAGE][INFO] - Action delay is set to 0 milliseconds

2023-11-01 10:09:14 - [MESSAGE][PASSED] - Browser is opened with url: ''

2023-11-01 10:09:14 - [TEST_STEP][PASSED] - navigateToUrl("https://accounts.google.com/v3/signin/identifier?continue=https%3A%2F%2Fmail.google.com%2Fmail%2Fu%2F0%2F&emr=1&followup=https%3A%2F%2Fmail.google.com%2Fmail%2Fu%2F0%2F&ifkv=AVQVeywjvDYoN5FDADVUpdLkv_4Dss1DZHwOFdZCBX9CuM3ITel-sS3Srk5PAoPo89chcvj7pJ2Kng&osid=1&passive=1209600&service=mail&flowName=GlifWebSignIn&flowEntry=ServiceLogin&dsh=S218891431%3A1698778883803894&theme=glif#inbox"): Navigate to 'https://accounts.google.com/v3/signin/identifier?continue=https%3A%2F%2Fmail.google.com%2Fmail%2Fu%2F0%2F&emr=1&followup=https%3A%2F%2Fmail.google.com%2Fmail%2Fu%2F0%2F&ifkv=AVQVeywjvDYoN5FDADVUpdLkv_4Dss1DZHwOFdZCBX9CuM3ITel-sS3Srk5PAoPo89chcvj7pJ2Kng&osid=1&passive=1209600&service=mail&flowName=GlifWebSignIn&flowEntry=ServiceLogin&dsh=S218891431%3A1698778883803894&theme=glif#inbox' successfully

2023-11-01 10:09:16 - [MESSAGE][PASSED] - Navigate to 'https://accounts.google.com/v3/signin/identifier?continue=https%3A%2F%2Fmail.google.com%2Fmail%2Fu%2F0%2F&emr=1&followup=https%3A%2F%2Fmail.google.com%2Fmail%2Fu%2F0%2F&ifkv=AVQVeywjvDYoN5FDADVUpdLkv_4Dss1DZHwOFdZCBX9CuM3ITel-sS3Srk5PAoPo89chcvj7pJ2Kng&osid=1&passive=1209600&service=mail&flowName=GlifWebSignIn&flowEntry=ServiceLogin&dsh=S218891431%3A1698778883803894&theme=glif#inbox' successfully

2023-11-01 10:09:16 - [TEST_STEP][PASSED] - maximizeWindow(): Current window maximized

2023-11-01 10:09:16 - [MESSAGE][PASSED] - Current window maximized

2023-11-01 10:09:16 - [TEST_STEP][PASSED] - setText(findTestObject("Object Repository/Gmail/Page_Gmail/input_identifier"), "abcxyz"): Text 'abcxyz' is set on object 'Object Repository/Gmail/Page_Gmail/input_identifier'

2023-11-01 10:09:17 - [MESSAGE][PASSED] - Text 'abcxyz' is set on object 'Object Repository/Gmail/Page_Gmail/input_identifier'

2023-11-01 10:09:17 - [TEST_STEP][PASSED] - click(findTestObject("Object Repository/Gmail/Page_Gmail/span_Next")): Object: 'Object Repository/Gmail/Page_Gmail/span_Next' is clicked on

2023-11-01 10:09:18 - [MESSAGE][PASSED] - Object: 'Object Repository/Gmail/Page_Gmail/span_Next' is clicked on

2023-11-01 10:09:18 - [TEST_STEP][PASSED] - click(findTestObject("Object Repository/Gmail/Page_Gmail/a_WpHeLc VfPpkd-mRLv6 VfPpkd-RLmnJb")): Object: 'Object Repository/Gmail/Page_Gmail/a_WpHeLc VfPpkd-mRLv6 VfPpkd-RLmnJb' is clicked on

2023-11-01 10:09:20 - [MESSAGE][PASSED] - Object: 'Object Repository/Gmail/Page_Gmail/a_WpHeLc VfPpkd-mRLv6 VfPpkd-RLmnJb' is clicked on

2023-11-01 10:09:20 - [TEST_STEP][PASSED] - setText(findTestObject("Object Repository/Gmail/Page_Gmail/input_identifier"), "abcxyz"): Text 'abcxyz' is set on object 'Object Repository/Gmail/Page_Gmail/input_identifier'

2023-11-01 10:09:21 - [MESSAGE][PASSED] - Text 'abcxyz' is set on object 'Object Repository/Gmail/Page_Gmail/input_identifier'

2023-11-01 10:09:21 - [TEST_STEP][PASSED] - click(findTestObject("Object Repository/Gmail/Page_Gmail/span_Next")): Object: 'Object Repository/Gmail/Page_Gmail/span_Next' is clicked on

2023-11-01 10:09:22 - [MESSAGE][PASSED] - Object: 'Object Repository/Gmail/Page_Gmail/span_Next' is clicked on

2023-11-01 10:09:22 - [TEST_STEP][PASSED] - verifyElementPresent(findTestObject("Object Repository/Gmail/Page_Gmail/a_WpHeLc VfPpkd-mRLv6 VfPpkd-RLmnJb_1"), 0): Object 'Object Repository/Gmail/Page_Gmail/a_WpHeLc VfPpkd-mRLv6 VfPpkd-RLmnJb_1' is present

2023-11-01 10:09:22 - [MESSAGE][WARNING] - Timeout '0' is invalid. Using default page load timeout: '30'

2023-11-01 10:09:23 - [MESSAGE][PASSED] - Object 'Object Repository/Gmail/Page_Gmail/a_WpHeLc VfPpkd-mRLv6 VfPpkd-RLmnJb_1' is present

2023-11-01 10:09:23 - [TEST_STEP][PASSED] - closeBrowser(): Browser is closed

2023-11-01 10:09:23 - [MESSAGE][PASSED] - Browser is closed

2023-11-01 10:09:23 - [TEST_STEP][PASSED] - Start listener action : sampleAfterTestCase: null

2023-11-01 10:09:23 - [TEST_STEP][PASSED] - println(testCaseContext.getTestCaseId()): null

2023-11-01 10:09:23 - [TEST_STEP][PASSED] - println(testCaseContext.getTestCaseStatus()): null]]></system-out>
         <system-err><![CDATA[]]></system-err>
      </testcase>
      <testcase name="Test Cases/Gmail - Verify the validation message" time="5.46" classname="Test Cases/Gmail - Verify the validation message" status="PASSED">
         <system-out><![CDATA[2023-11-01 10:09:23 - [TEST_CASE][PASSED] - Test Cases/Gmail - Verify the validation message: Test Cases/Gmail - Verify the validation message

2023-11-01 10:09:23 - [TEST_STEP][PASSED] - Start listener action : sampleBeforeTestCase: null

2023-11-01 10:09:23 - [TEST_STEP][PASSED] - println(testCaseContext.getTestCaseId()): null

2023-11-01 10:09:23 - [TEST_STEP][PASSED] - println(testCaseContext.getTestCaseVariables()): null

2023-11-01 10:09:23 - [TEST_STEP][PASSED] - openBrowser(""): Browser is opened with url: ''

2023-11-01 10:09:23 - [MESSAGE][INFO] - Starting 'Chrome' driver

2023-11-01 10:09:23 - [MESSAGE][INFO] - Action delay is set to 0 milliseconds

2023-11-01 10:09:26 - [MESSAGE][PASSED] - Browser is opened with url: ''

2023-11-01 10:09:26 - [TEST_STEP][PASSED] - navigateToUrl("https://accounts.google.com/v3/signin/identifier?continue=https%3A%2F%2Fmail.google.com%2Fmail%2Fu%2F0%2F&emr=1&followup=https%3A%2F%2Fmail.google.com%2Fmail%2Fu%2F0%2F&ifkv=AVQVeyzR6pw5d28fypnZRPD2z3UMAtruQJTmGrturMB1BE3plFqEShDNo4O4MTXu67xx9JFqi_TIZw&osid=1&passive=1209600&service=mail&flowName=GlifWebSignIn&flowEntry=ServiceLogin&dsh=S1292309958%3A1698780033683571&theme=glif#inbox"): Navigate to 'https://accounts.google.com/v3/signin/identifier?continue=https%3A%2F%2Fmail.google.com%2Fmail%2Fu%2F0%2F&emr=1&followup=https%3A%2F%2Fmail.google.com%2Fmail%2Fu%2F0%2F&ifkv=AVQVeyzR6pw5d28fypnZRPD2z3UMAtruQJTmGrturMB1BE3plFqEShDNo4O4MTXu67xx9JFqi_TIZw&osid=1&passive=1209600&service=mail&flowName=GlifWebSignIn&flowEntry=ServiceLogin&dsh=S1292309958%3A1698780033683571&theme=glif#inbox' successfully

2023-11-01 10:09:27 - [MESSAGE][PASSED] - Navigate to 'https://accounts.google.com/v3/signin/identifier?continue=https%3A%2F%2Fmail.google.com%2Fmail%2Fu%2F0%2F&emr=1&followup=https%3A%2F%2Fmail.google.com%2Fmail%2Fu%2F0%2F&ifkv=AVQVeyzR6pw5d28fypnZRPD2z3UMAtruQJTmGrturMB1BE3plFqEShDNo4O4MTXu67xx9JFqi_TIZw&osid=1&passive=1209600&service=mail&flowName=GlifWebSignIn&flowEntry=ServiceLogin&dsh=S1292309958%3A1698780033683571&theme=glif#inbox' successfully

2023-11-01 10:09:27 - [TEST_STEP][PASSED] - maximizeWindow(): Current window maximized

2023-11-01 10:09:27 - [MESSAGE][PASSED] - Current window maximized

2023-11-01 10:09:27 - [TEST_STEP][PASSED] - click(findTestObject("Object Repository/Gmail/Page_Gmail/span_Next")): Object: 'Object Repository/Gmail/Page_Gmail/span_Next' is clicked on

2023-11-01 10:09:28 - [MESSAGE][PASSED] - Object: 'Object Repository/Gmail/Page_Gmail/span_Next' is clicked on

2023-11-01 10:09:28 - [TEST_STEP][PASSED] - verifyElementPresent(findTestObject("Object Repository/Gmail/Page_Gmail/div_Email or phoneEnter an email or phone number"), 0): Object 'Object Repository/Gmail/Page_Gmail/div_Email or phoneEnter an email or phone number' is present

2023-11-01 10:09:28 - [MESSAGE][WARNING] - Timeout '0' is invalid. Using default page load timeout: '30'

2023-11-01 10:09:28 - [MESSAGE][PASSED] - Object 'Object Repository/Gmail/Page_Gmail/div_Email or phoneEnter an email or phone number' is present

2023-11-01 10:09:28 - [TEST_STEP][PASSED] - closeBrowser(): Browser is closed

2023-11-01 10:09:29 - [MESSAGE][PASSED] - Browser is closed

2023-11-01 10:09:29 - [TEST_STEP][PASSED] - Start listener action : sampleAfterTestCase: null

2023-11-01 10:09:29 - [TEST_STEP][PASSED] - println(testCaseContext.getTestCaseId()): null

2023-11-01 10:09:29 - [TEST_STEP][PASSED] - println(testCaseContext.getTestCaseStatus()): null]]></system-out>
         <system-err><![CDATA[]]></system-err>
      </testcase>
      <testcase name="Test Cases/Katalon - Benefits test" time="14.05" classname="Test Cases/Katalon - Benefits test" status="PASSED">
         <system-out><![CDATA[2023-11-01 10:09:29 - [TEST_CASE][PASSED] - Test Cases/Katalon - Benefits test: Test Cases/Katalon - Benefits test

2023-11-01 10:09:29 - [TEST_STEP][PASSED] - Start listener action : sampleBeforeTestCase: null

2023-11-01 10:09:29 - [TEST_STEP][PASSED] - println(testCaseContext.getTestCaseId()): null

2023-11-01 10:09:29 - [TEST_STEP][PASSED] - println(testCaseContext.getTestCaseVariables()): null

2023-11-01 10:09:29 - [TEST_STEP][PASSED] - openBrowser(""): Browser is opened with url: ''

2023-11-01 10:09:29 - [MESSAGE][INFO] - Starting 'Chrome' driver

2023-11-01 10:09:29 - [MESSAGE][INFO] - Action delay is set to 0 milliseconds

2023-11-01 10:09:32 - [MESSAGE][PASSED] - Browser is opened with url: ''

2023-11-01 10:09:32 - [TEST_STEP][PASSED] - navigateToUrl("https://katalon.com/"): Navigate to 'https://katalon.com/' successfully

2023-11-01 10:09:35 - [MESSAGE][PASSED] - Navigate to 'https://katalon.com/' successfully

2023-11-01 10:09:35 - [TEST_STEP][PASSED] - maximizeWindow(): Current window maximized

2023-11-01 10:09:35 - [MESSAGE][PASSED] - Current window maximized

2023-11-01 10:09:35 - [TEST_STEP][PASSED] - click(findTestObject("Object Repository/Katalon/Page_Katalon AI-augmented Software Quality _596167/button_Accept All Cookies")): Object: 'Object Repository/Katalon/Page_Katalon AI-augmented Software Quality _596167/button_Accept All Cookies' is clicked on

2023-11-01 10:09:37 - [MESSAGE][PASSED] - Object: 'Object Repository/Katalon/Page_Katalon AI-augmented Software Quality _596167/button_Accept All Cookies' is clicked on

2023-11-01 10:09:37 - [TEST_STEP][PASSED] - click(findTestObject("Object Repository/Katalon/Page_Katalon AI-augmented Software Quality _596167/div_View a demo")): Object: 'Object Repository/Katalon/Page_Katalon AI-augmented Software Quality _596167/div_View a demo' is clicked on

2023-11-01 10:09:40 - [MESSAGE][PASSED] - Object: 'Object Repository/Katalon/Page_Katalon AI-augmented Software Quality _596167/div_View a demo' is clicked on

2023-11-01 10:09:40 - [TEST_STEP][PASSED] - verifyElementPresent(findTestObject("Object Repository/Katalon/Page_View a demo  Katalon/div_Seamless test automation with an end-to_9d1ee8"), 0): Object 'Object Repository/Katalon/Page_View a demo  Katalon/div_Seamless test automation with an end-to_9d1ee8' is present

2023-11-01 10:09:40 - [MESSAGE][WARNING] - Timeout '0' is invalid. Using default page load timeout: '30'

2023-11-01 10:09:41 - [MESSAGE][PASSED] - Object 'Object Repository/Katalon/Page_View a demo  Katalon/div_Seamless test automation with an end-to_9d1ee8' is present

2023-11-01 10:09:41 - [TEST_STEP][PASSED] - verifyElementPresent(findTestObject("Object Repository/Katalon/Page_View a demo  Katalon/div_Visibility throughout the test pipeline"), 0): Object 'Object Repository/Katalon/Page_View a demo  Katalon/div_Visibility throughout the test pipeline' is present

2023-11-01 10:09:41 - [MESSAGE][WARNING] - Timeout '0' is invalid. Using default page load timeout: '30'

2023-11-01 10:09:41 - [MESSAGE][PASSED] - Object 'Object Repository/Katalon/Page_View a demo  Katalon/div_Visibility throughout the test pipeline' is present

2023-11-01 10:09:41 - [TEST_STEP][PASSED] - verifyElementPresent(findTestObject("Object Repository/Katalon/Page_View a demo  Katalon/div_Centralized workflows to focus on softw_0ff7fc"), 0): Object 'Object Repository/Katalon/Page_View a demo  Katalon/div_Centralized workflows to focus on softw_0ff7fc' is present

2023-11-01 10:09:41 - [MESSAGE][WARNING] - Timeout '0' is invalid. Using default page load timeout: '30'

2023-11-01 10:09:41 - [MESSAGE][PASSED] - Object 'Object Repository/Katalon/Page_View a demo  Katalon/div_Centralized workflows to focus on softw_0ff7fc' is present

2023-11-01 10:09:41 - [TEST_STEP][PASSED] - verifyElementPresent(findTestObject("Object Repository/Katalon/Page_View a demo  Katalon/div_Low-code UI to keep everyone, tech or b_bd4e50"), 0): Object 'Object Repository/Katalon/Page_View a demo  Katalon/div_Low-code UI to keep everyone, tech or b_bd4e50' is present

2023-11-01 10:09:41 - [MESSAGE][WARNING] - Timeout '0' is invalid. Using default page load timeout: '30'

2023-11-01 10:09:42 - [MESSAGE][PASSED] - Object 'Object Repository/Katalon/Page_View a demo  Katalon/div_Low-code UI to keep everyone, tech or b_bd4e50' is present

2023-11-01 10:09:42 - [TEST_STEP][PASSED] - verifyElementPresent(findTestObject("Object Repository/Katalon/Page_View a demo  Katalon/div_Out-of-the-box fit for any ALM, CI tool_5242ad"), 0): Object 'Object Repository/Katalon/Page_View a demo  Katalon/div_Out-of-the-box fit for any ALM, CI tool_5242ad' is present

2023-11-01 10:09:42 - [MESSAGE][WARNING] - Timeout '0' is invalid. Using default page load timeout: '30'

2023-11-01 10:09:42 - [MESSAGE][PASSED] - Object 'Object Repository/Katalon/Page_View a demo  Katalon/div_Out-of-the-box fit for any ALM, CI tool_5242ad' is present

2023-11-01 10:09:42 - [TEST_STEP][PASSED] - closeBrowser(): Browser is closed

2023-11-01 10:09:43 - [MESSAGE][PASSED] - Browser is closed

2023-11-01 10:09:43 - [TEST_STEP][PASSED] - Start listener action : sampleAfterTestCase: null

2023-11-01 10:09:43 - [TEST_STEP][PASSED] - println(testCaseContext.getTestCaseId()): null

2023-11-01 10:09:43 - [TEST_STEP][PASSED] - println(testCaseContext.getTestCaseStatus()): null]]></system-out>
         <system-err><![CDATA[]]></system-err>
      </testcase>
      <testcase name="Test Cases/Katalon - Learn More verification" time="14.184" classname="Test Cases/Katalon - Learn More verification" status="PASSED">
         <system-out><![CDATA[2023-11-01 10:09:43 - [TEST_CASE][PASSED] - Test Cases/Katalon - Learn More verification: Test Cases/Katalon - Learn More verification

2023-11-01 10:09:43 - [TEST_STEP][PASSED] - Start listener action : sampleBeforeTestCase: null

2023-11-01 10:09:43 - [TEST_STEP][PASSED] - println(testCaseContext.getTestCaseId()): null

2023-11-01 10:09:43 - [TEST_STEP][PASSED] - println(testCaseContext.getTestCaseVariables()): null

2023-11-01 10:09:43 - [TEST_STEP][PASSED] - openBrowser(""): Browser is opened with url: ''

2023-11-01 10:09:43 - [MESSAGE][INFO] - Starting 'Chrome' driver

2023-11-01 10:09:43 - [MESSAGE][INFO] - Action delay is set to 0 milliseconds

2023-11-01 10:09:46 - [MESSAGE][PASSED] - Browser is opened with url: ''

2023-11-01 10:09:46 - [TEST_STEP][PASSED] - navigateToUrl("https://katalon.com/"): Navigate to 'https://katalon.com/' successfully

2023-11-01 10:09:49 - [MESSAGE][PASSED] - Navigate to 'https://katalon.com/' successfully

2023-11-01 10:09:49 - [TEST_STEP][PASSED] - maximizeWindow(): Current window maximized

2023-11-01 10:09:49 - [MESSAGE][PASSED] - Current window maximized

2023-11-01 10:09:49 - [TEST_STEP][PASSED] - click(findTestObject("Object Repository/Katalon/Page_Katalon AI-augmented Software Quality _596167/button_Accept All Cookies")): Object: 'Object Repository/Katalon/Page_Katalon AI-augmented Software Quality _596167/button_Accept All Cookies' is clicked on

2023-11-01 10:09:51 - [MESSAGE][PASSED] - Object: 'Object Repository/Katalon/Page_Katalon AI-augmented Software Quality _596167/button_Accept All Cookies' is clicked on

2023-11-01 10:09:51 - [TEST_STEP][PASSED] - verifyElementVisible(findTestObject("Object Repository/Katalon/Page_Katalon AI-augmented Software Quality _596167/a_Learn more")): Object 'Object Repository/Katalon/Page_Katalon AI-augmented Software Quality _596167/a_Learn more' is visible

2023-11-01 10:09:51 - [MESSAGE][PASSED] - Object 'Object Repository/Katalon/Page_Katalon AI-augmented Software Quality _596167/a_Learn more' is visible

2023-11-01 10:09:51 - [TEST_STEP][PASSED] - click(findTestObject("Object Repository/Katalon/Page_Katalon AI-augmented Software Quality _596167/a_Learn more")): Object: 'Object Repository/Katalon/Page_Katalon AI-augmented Software Quality _596167/a_Learn more' is clicked on

2023-11-01 10:09:53 - [MESSAGE][PASSED] - Object: 'Object Repository/Katalon/Page_Katalon AI-augmented Software Quality _596167/a_Learn more' is clicked on

2023-11-01 10:09:53 - [TEST_STEP][PASSED] - verifyElementPresent(findTestObject("Object Repository/Katalon/Page_Katalon Studio 9.0.0 Performance Boost_5d349a/div_TABLE OF CONTENTS"), 0): Object 'Object Repository/Katalon/Page_Katalon Studio 9.0.0 Performance Boost_5d349a/div_TABLE OF CONTENTS' is present

2023-11-01 10:09:53 - [MESSAGE][WARNING] - Timeout '0' is invalid. Using default page load timeout: '30'

[...]
  (Session info: chrome=118.0.5993.118)
Build info: version: '3.141.59', revision: 'e82be7d358', time: '2018-11-14T08:25:53'
System info: host: 'USPRNRCHALIL2', ip: '10.0.0.182', os.name: 'Windows 10', os.arch: 'amd64', os.version: '10.0', java.version: '17.0.7'
Driver info: com.kms.katalon.selenium.driver.CChromeDriver
Capabilities {acceptInsecureCerts: false, browserName: chrome, browserVersion: 118.0.5993.118, chrome: {chromedriverVersion: 118.0.5993.70 (e52f33f30b91..., userDataDir: C:\Users\rchalil\AppData\Lo...}, fedcm:accounts: true, goog:chromeOptions: {debuggerAddress: localhost:49940}, javascriptEnabled: true, networkConnectionEnabled: false, pageLoadStrategy: normal, platform: WINDOWS, platformName: WINDOWS, proxy: Proxy(), setWindowRect: true, strictFileInteractability: false, timeouts: {implicit: 0, pageLoad: 300000, script: 30000}, unhandledPromptBehavior: dismiss and notify, webauthn:extension:credBlob: true, webauthn:extension:largeBlob: true, webauthn:extension:minPinLength: true, webauthn:extension:prf: true, webauthn:virtualAuthenticators: true}
Session ID: 9b3101be62b275c28c852a4d71d882d0
	at jdk.internal.reflect.GeneratedConstructorAccessor43.newInstance(Unknown Source)
	at java.base/jdk.internal.reflect.DelegatingConstructorAccessorImpl.newInstance(DelegatingConstructorAccessorImpl.java:45)
	at org.openqa.selenium.remote.http.W3CHttpResponseCodec.createException(W3CHttpResponseCodec.java:187)
	at org.openqa.selenium.remote.http.W3CHttpResponseCodec.decode(W3CHttpResponseCodec.java:122)
	at org.openqa.selenium.remote.http.W3CHttpResponseCodec.decode(W3CHttpResponseCodec.java:49)
	at org.openqa.selenium.remote.HttpCommandExecutor.execute(HttpCommandExecutor.java:158)
	at org.openqa.selenium.remote.service.DriverCommandExecutor.execute(DriverCommandExecutor.java:83)
	at org.openqa.selenium.remote.RemoteWebDriver.execute(RemoteWebDriver.java:552)
	at com.kms.katalon.selenium.driver.CChromeDriver.execute(CChromeDriver.java:19)
	at org.openqa.selenium.remote.RemoteWebElement.execute(RemoteWebElement.java:285)
	at org.openqa.selenium.remote.RemoteWebElement.click(RemoteWebElement.java:84)
	at jdk.internal.reflect.GeneratedMethodAccessor14.invoke(Unknown Source)
	at java.base/jdk.internal.reflect.DelegatingMethodAccessorImpl.invoke(DelegatingMethodAccessorImpl.java:43)
	at org.openqa.selenium.support.events.EventFiringWebDriver$EventFiringWebElement.lambda$new$0(EventFiringWebDriver.java:404)
	at jdk.proxy2/jdk.proxy2.$Proxy26.click(Unknown Source)
	at org.openqa.selenium.support.events.EventFiringWebDriver$EventFiringWebElement.click(EventFiringWebDriver.java:417)
	at org.openqa.selenium.WebElement$click.call(Unknown Source)
	at com.kms.katalon.core.webui.keyword.builtin.ClickKeyword.clickUntilSuccessWithTimeout(ClickKeyword.groovy:81)
	at com.kms.katalon.core.webui.keyword.builtin.ClickKeyword.clickUntilSuccessWithTimeout(ClickKeyword.groovy)
	at jdk.internal.reflect.GeneratedMethodAccessor12.invoke(Unknown Source)
	at java.base/jdk.internal.reflect.DelegatingMethodAccessorImpl.invoke(DelegatingMethodAccessorImpl.java:43)
	at com.kms.katalon.core.webui.keyword.builtin.ClickKeyword$_click_closure1.doCall(ClickKeyword.groovy:67)
	at com.kms.katalon.core.webui.keyword.builtin.ClickKeyword$_click_closure1.call(ClickKeyword.groovy)
	at com.kms.katalon.core.webui.keyword.internal.WebUIKeywordMain.runKeyword(WebUIKeywordMain.groovy:20)
	... 23 more]]></system-err>
      </testcase>
      <testcase name="Test Cases/Verify Tax in Deloitte website" time="21.883" classname="Test Cases/Verify Tax in Deloitte website" status="PASSED">
         <system-out><![CDATA[2023-11-01 10:27:39 - [TEST_CASE][PASSED] - Test Cases/Verify Tax in Deloitte website: Test Cases/Verify Tax in Deloitte website

2023-11-01 10:27:39 - [TEST_STEP][PASSED] - Start listener action : sampleBeforeTestCase: null

2023-11-01 10:27:39 - [TEST_STEP][PASSED] - println(testCaseContext.getTestCaseId()): null

2023-11-01 10:27:39 - [TEST_STEP][PASSED] - println(testCaseContext.getTestCaseVariables()): null

2023-11-01 10:27:39 - [TEST_STEP][PASSED] - openBrowser(""): Browser is opened with url: ''

2023-11-01 10:27:39 - [MESSAGE][WARNING] - A browser is already opened. Closing browser and opening a new one

2023-11-01 10:27:40 - [MESSAGE][INFO] - Starting 'Chrome' driver

2023-11-01 10:27:40 - [MESSAGE][INFO] - Action delay is set to 0 milliseconds

2023-11-01 10:27:43 - [MESSAGE][PASSED] - Browser is opened with url: ''

2023-11-01 10:27:43 - [TEST_STEP][PASSED] - navigateToUrl("https://www2.deloitte.com/us/en.html"): Navigate to 'https://www2.deloitte.com/us/en.html' successfully

2023-11-01 10:27:47 - [MESSAGE][PASSED] - Navigate to 'https://www2.deloitte.com/us/en.html' successfully

2023-11-01 10:27:47 - [TEST_STEP][PASSED] - maximizeWindow(): Current window maximized

2023-11-01 10:27:47 - [MESSAGE][PASSED] - Current window maximized

2023-11-01 10:27:47 - [TEST_STEP][PASSED] - click(findTestObject("Object Repository/Deloitte/Page_Deloitte US  Audit, Consulting, Adviso_ec7ae4/button_Accept and close")): Object: 'Object Repository/Deloitte/Page_Deloitte US  Audit, Consulting, Adviso_ec7ae4/button_Accept and close' is clicked on

2023-11-01 10:27:52 - [MESSAGE][PASSED] - Object: 'Object Repository/Deloitte/Page_Deloitte US  Audit, Consulting, Adviso_ec7ae4/button_Accept and close' is clicked on

2023-11-01 10:27:52 - [TEST_STEP][PASSED] - setText(findTestObject("Object Repository/Deloitte/Page_Deloitte US  Audit, Consulting, Adviso_ec7ae4/input_cmp-advanced-search__input ng-untouch_fd955c"), "tax"): Text 'tax' is set on object 'Object Repository/Deloitte/Page_Deloitte US  Audit, Consulting, Adviso_ec7ae4/input_cmp-advanced-search__input ng-untouch_fd955c'

2023-11-01 10:27:54 - [MESSAGE][PASSED] - Text 'tax' is set on object 'Object Repository/Deloitte/Page_Deloitte US  Audit, Consulting, Adviso_ec7ae4/input_cmp-advanced-search__input ng-untouch_fd955c'

2023-11-01 10:27:54 - [TEST_STEP][PASSED] - click(findTestObject("Object Repository/Deloitte/Page_Deloitte US  Audit, Consulting, Adviso_ec7ae4/i_icon-search")): Object: 'Object Repository/Deloitte/Page_Deloitte US  Audit, Consulting, Adviso_ec7ae4/i_icon-search' is clicked on

2023-11-01 10:27:57 - [MESSAGE][PASSED] - Object: 'Object Repository/Deloitte/Page_Deloitte US  Audit, Consulting, Adviso_ec7ae4/i_icon-search' is clicked on

2023-11-01 10:27:57 - [TEST_STEP][PASSED] - verifyElementPresent(findTestObject("Object Repository/Deloitte/Page_Deloitte Search Basic/h1_Results for tax"), 0): Object 'Object Repository/Deloitte/Page_Deloitte Search Basic/h1_Results for tax' is present

2023-11-01 10:27:57 - [MESSAGE][WARNING] - Timeout '0' is invalid. Using default page load timeout: '30'

2023-11-01 10:28:01 - [MESSAGE][PASSED] - Object 'Object Repository/Deloitte/Page_Deloitte Search Basic/h1_Results for tax' is present

2023-11-01 10:28:01 - [TEST_STEP][PASSED] - closeBrowser(): Browser is closed

2023-11-01 10:28:01 - [MESSAGE][PASSED] - Browser is closed

2023-11-01 10:28:01 - [TEST_STEP][PASSED] - Start listener action : sampleAfterTestCase: null

2023-11-01 10:28:01 - [TEST_STEP][PASSED] - println(testCaseContext.getTestCaseId()): null

2023-11-01 10:28:01 - [TEST_STEP][PASSED] - println(testCaseContext.getTestCaseStatus()): null]]></system-out>
         <system-err><![CDATA[]]></system-err>
      </testcase>
      <system-out><![CDATA[2023-11-01 10:06:23 - [TEST_SUITE][FAILED] - Reshna - All TCs Suite2: Test Cases/Deloitte - Search job within Deloitte Careers FAILED.
Reason:
com.kms.katalon.core.exception.StepFailedException: Unable to click on object 'Object Repository/Deloitte/Page_Deloitte US  Audit, Consulting, Adviso_ec7ae4/a_Experienced Professionals'
	at com.kms.katalon.core.webui.keyword.internal.WebUIKeywordMain.stepFailed(WebUIKeywordMain.groovy:64)
	at com.kms.katalon.core.webui.keyword.internal.WebUIKeywordMain.runKeyword(WebUIKeywordMain.groovy:26)
	at com.kms.katalon.core.webui.keyword.builtin.ClickKeyword.click(ClickKeyword.groovy:74)
	at com.kms.katalon.core.webui.keyword.builtin.ClickKeyword.execute(ClickKeyword.groovy:40)
	at com.kms.katalon.core.keyword.internal.KeywordExecutor.executeKeywordForPlatform(KeywordExecutor.groovy:74)
	at com.kms.katalon.core.webui.keyword.WebUiBuiltInKeywords.click(WebUiBuiltInKeywords.groovy:620)
	at Deloitte - Search job within Deloitte Careers.run(Deloitte - Search job within Deloitte Careers:30)
	at com.kms.katalon.core.main.ScriptEngine.run(ScriptEngine.java:194)
	at com.kms.katalon.core.main.ScriptEngine.runScriptAsRawText(ScriptEngine.java:119)
	at com.kms.katalon.core.main.TestCaseExecutor.runScript(TestCaseExecutor.java:448)
	at com.kms.katalon.core.main.TestCaseExecutor.doExecute(TestCaseExecutor.java:439)
	at com.kms.katalon.core.main.TestCaseExecutor.processExecutionPhase(TestCaseExecutor.java:418)
	at com.kms.katalon.core.main.TestCaseExecutor.accessMainPhase(TestCaseExecutor.java:410)
	at com.kms.katalon.core.main.TestCaseExecutor.execute(TestCaseExecutor.java:285)
	at com.kms.katalon.core.common.CommonExecutor.accessTestCaseMainPhase(CommonExecutor.java:65)
	at com.kms.katalon.core.main.TestSuiteExecutor.accessTestSuiteMainPhase(TestSuiteExecutor.java:148)
	at com.kms.katalon.core.main.TestSuiteExecutor.execute(TestSuiteExecutor.java:106)
	at com.kms.katalon.core.main.TestCaseMain.startTestSuite(TestCaseMain.java:187)
	at TempTestSuite1698847576726.run(TempTestSuite1698847576726.groovy:36)
	at java.base/jdk.internal.reflect.NativeMethodAccessorImpl.invoke0(Native Method)
	at java.base/jdk.internal.reflect.NativeMethodAccessorImpl.invoke(NativeMethodAccessorImpl.java:77)
	at java.base/jdk.internal.reflect.DelegatingMethodAccessorImpl.invoke(DelegatingMethodAccessorImpl.java:43)
Caused by: org.openqa.selenium.ElementNotInteractableException: element not interactable
  (Session info: chrome=118.0.5993.118)
Build info: version: '3.141.59', revision: 'e82be7d358', time: '2018-11-14T08:25:53'
System info: host: 'USPRNRCHALIL2', ip: '10.0.0.182', os.name: 'Windows 10', os.arch: 'amd64', os.version: '10.0', java.version: '17.0.7'
Driver info: com.kms.katalon.selenium.driver.CChromeDriver
Capabilities {acceptInsecureCerts: false, browserName: chrome, browserVersion: 118.0.5993.118, chrome: {chromedriverVersion: 118.0.5993.70 (e52f33f30b91..., userDataDir: C:\Users\rchalil\AppData\Lo...}, fedcm:accounts: true, goog:chromeOptions: {debuggerAddress: localhost:55789}, javascriptEnabled: true, networkConnectionEnabled: false, pageLoadStrategy: normal, platform: WINDOWS, platformName: WINDOWS, proxy: Proxy(), setWindowRect: true, strictFileInteractability: false, timeouts: {implicit: 0, pageLoad: 300000, script: 30000}, unhandledPromptBehavior: dismiss and notify, webauthn:extension:credBlob: true, webauthn:extension:largeBlob: true, webauthn:extension:minPinLength: true, webauthn:extension:prf: true, webauthn:virtualAuthenticators: true}
Session ID: d3657339d586da3b37b3e96547340aff
	at java.base/jdk.internal.reflect.NativeConstructorAccessorImpl.newInstance0(Native Method)
	at java.base/jdk.internal.reflect.NativeConstructorAccessorImpl.newInstance(NativeConstructorAccessorImpl.java:77)
	at java.base/jdk.internal.reflect.DelegatingConstructorAccessorImpl.newInstance(DelegatingConstructorAccessorImpl.java:45)
	at org.openqa.selenium.remote.http.W3CHttpResponseCodec.createException(W3CHttpResponseCodec.java:187)
	at org.openqa.selenium.remote.http.W3CHttpResponseCodec.decode(W3CHttpResponseCodec.java:122)
	at org.openqa.selenium.remote.http.W3CHttpResponseCodec.decode(W3CHttpResponseCodec.java:49)
	at org.openqa.selenium.remote.HttpCommandExecutor.execute(HttpCommandExecutor.java:158)
	at org.openqa.selenium.remote.service.DriverCommandExecutor.execute(DriverCommandExecutor.java:83)
	at org.openqa.selenium.remote.RemoteWebDriver.execute(RemoteWebDriver.java:552)
	at com.kms.katalon.selenium.driver.CChromeDriver.execute(CChromeDriver.java:19)
	at org.openqa.selenium.remote.RemoteWebElement.execute(RemoteWebElement.java:285)
	at org.openqa.selenium.remote.RemoteWebElement.click(RemoteWebElement.java:84)
	at java.base/jdk.internal.reflect.NativeMethodAccessorImpl.invoke0(Native Method)
	at java.base/jdk.internal.reflect.NativeMethodAccessorImpl.invoke(NativeMethodAccessorImpl.java:77)
	at java.base/jdk.internal.reflect.DelegatingMethodAccessorImpl.invoke(DelegatingMethodAccessorImpl.java:43)
	at org.openqa.selenium.support.events.EventFiringWebDriver$EventFiringWebElement.lambda$new$0(EventFiringWebDriver.java:404)
	at jdk.proxy2/jdk.proxy2.$Proxy26.click(Unknown Source)
	at org.openqa.selenium.support.events.EventFiringWebDriver$EventFiringWebElement.click(EventFiringWebDriver.java:417)
	at org.openqa.selenium.WebElement$click.call(Unknown Source)
	at com.kms.katalon.core.webui.keyword.builtin.ClickKeyword.clickUntilSuccessWithTimeout(ClickKeyword.groovy:81)
	at com.kms.katalon.core.webui.keyword.builtin.ClickKeyword.clickUntilSuccessWithTimeout(ClickKeyword.groovy)
	at java.base/jdk.internal.reflect.NativeMethodAccessorImpl.invoke0(Native Method)
	at java.base/jdk.internal.reflect.NativeMethodAccessorImpl.invoke(NativeMethodAccessorImpl.java:77)
	at java.base/jdk.internal.reflect.DelegatingMethodAccessorImpl.invoke(DelegatingMethodAccessorImpl.java:43)
	at com.kms.katalon.core.webui.keyword.builtin.ClickKeyword$_click_closure1.doCall(ClickKeyword.groovy:67)
	at com.kms.katalon.core.webui.keyword.builtin.ClickKeyword$_click_closure1.call(ClickKeyword.groovy)
	at com.kms.katalon.core.webui.keyword.internal.WebUIKeywordMain.runKeyword(WebUIKeywordMain.groovy:20)
	... 20 more]]></system-out>
      <system-err><![CDATA[2023-11-01 10:06:23 - [TEST_SUITE][FAILED] - Reshna - All TCs Suite2: Test Cases/Deloitte - Search job within Deloitte Careers FAILED.
Reason:
com.kms.katalon.core.exception.StepFailedException: Unable to click on object 'Object Repository/Deloitte/Page_Deloitte US  Audit, Consulting, Adviso_ec7ae4/a_Experienced Professionals'
	at com.kms.katalon.core.webui.keyword.internal.WebUIKeywordMain.stepFailed(WebUIKeywordMain.groovy:64)
	at com.kms.katalon.core.webui.keyword.internal.WebUIKeywordMain.runKeyword(WebUIKeywordMain.groovy:26)
	at com.kms.katalon.core.webui.keyword.builtin.ClickKeyword.click(ClickKeyword.groovy:74)
	at com.kms.katalon.core.webui.keyword.builtin.ClickKeyword.execute(ClickKeyword.groovy:40)
	at com.kms.katalon.core.keyword.internal.KeywordExecutor.executeKeywordForPlatform(KeywordExecutor.groovy:74)
	at com.kms.katalon.core.webui.keyword.WebUiBuiltInKeywords.click(WebUiBuiltInKeywords.groovy:620)
	at Deloitte - Search job within Deloitte Careers.run(Deloitte - Search job within Deloitte Careers:30)
	at com.kms.katalon.core.main.ScriptEngine.run(ScriptEngine.java:194)
	at com.kms.katalon.core.main.ScriptEngine.runScriptAsRawText(ScriptEngine.java:119)
	at com.kms.katalon.core.main.TestCaseExecutor.runScript(TestCaseExecutor.java:448)
	at com.kms.katalon.core.main.TestCaseExecutor.doExecute(TestCaseExecutor.java:439)
	at com.kms.katalon.core.main.TestCaseExecutor.processExecutionPhase(TestCaseExecutor.java:418)
	at com.kms.katalon.core.main.TestCaseExecutor.accessMainPhase(TestCaseExecutor.java:410)
	at com.kms.katalon.core.main.TestCaseExecutor.execute(TestCaseExecutor.java:285)
	at com.kms.katalon.core.common.CommonExecutor.accessTestCaseMainPhase(CommonExecutor.java:65)
	at com.kms.katalon.core.main.TestSuiteExecutor.accessTestSuiteMainPhase(TestSuiteExecutor.java:148)
	at com.kms.katalon.core.main.TestSuiteExecutor.execute(TestSuiteExecutor.java:106)
	at com.kms.katalon.core.main.TestCaseMain.startTestSuite(TestCaseMain.java:187)
	at TempTestSuite1698847576726.run(TempTestSuite1698847576726.groovy:36)
	at java.base/jdk.internal.reflect.NativeMethodAccessorImpl.invoke0(Native Method)
	at java.base/jdk.internal.reflect.NativeMethodAccessorImpl.invoke(NativeMethodAccessorImpl.java:77)
	at java.base/jdk.internal.reflect.DelegatingMethodAccessorImpl.invoke(DelegatingMethodAccessorImpl.java:43)
Caused by: org.openqa.selenium.ElementNotInteractableException: element not interactable
  (Session info: chrome=118.0.5993.118)
Build info: version: '3.141.59', revision: 'e82be7d358', time: '2018-11-14T08:25:53'
System info: host: 'USPRNRCHALIL2', ip: '10.0.0.182', os.name: 'Windows 10', os.arch: 'amd64', os.version: '10.0', java.version: '17.0.7'
Driver info: com.kms.katalon.selenium.driver.CChromeDriver
Capabilities {acceptInsecureCerts: false, browserName: chrome, browserVersion: 118.0.5993.118, chrome: {chromedriverVersion: 118.0.5993.70 (e52f33f30b91..., userDataDir: C:\Users\rchalil\AppData\Lo...}, fedcm:accounts: true, goog:chromeOptions: {debuggerAddress: localhost:55789}, javascriptEnabled: true, networkConnectionEnabled: false, pageLoadStrategy: normal, platform: WINDOWS, platformName: WINDOWS, proxy: Proxy(), setWindowRect: true, strictFileInteractability: false, timeouts: {implicit: 0, pageLoad: 300000, script: 30000}, unhandledPromptBehavior: dismiss and notify, webauthn:extension:credBlob: true, webauthn:extension:largeBlob: true, webauthn:extension:minPinLength: true, webauthn:extension:prf: true, webauthn:virtualAuthenticators: true}
Session ID: d3657339d586da3b37b3e96547340aff
	at java.base/jdk.internal.reflect.NativeConstructorAccessorImpl.newInstance0(Native Method)
	at java.base/jdk.internal.reflect.NativeConstructorAccessorImpl.newInstance(NativeConstructorAccessorImpl.java:77)
	at java.base/jdk.internal.reflect.DelegatingConstructorAccessorImpl.newInstance(DelegatingConstructorAccessorImpl.java:45)
	at org.openqa.selenium.remote.http.W3CHttpResponseCodec.createException(W3CHttpResponseCodec.java:187)
	at org.openqa.selenium.remote.http.W3CHttpResponseCodec.decode(W3CHttpResponseCodec.java:122)
	at org.openqa.selenium.remote.http.W3CHttpResponseCodec.decode(W3CHttpResponseCodec.java:49)
	at org.openqa.selenium.remote.HttpCommandExecutor.execute(HttpCommandExecutor.java:158)
	at org.openqa.selenium.remote.service.DriverCommandExecutor.execute(DriverCommandExecutor.java:83)
	at org.openqa.selenium.remote.RemoteWebDriver.execute(RemoteWebDriver.java:552)
	at com.kms.katalon.selenium.driver.CChromeDriver.execute(CChromeDriver.java:19)
	at org.openqa.selenium.remote.RemoteWebElement.execute(RemoteWebElement.java:285)
	at org.openqa.selenium.remote.RemoteWebElement.click(RemoteWebElement.java:84)
	at java.base/jdk.internal.reflect.NativeMethodAccessorImpl.invoke0(Native Method)
	at java.base/jdk.internal.reflect.NativeMethodAccessorImpl.invoke(NativeMethodAccessorImpl.java:77)
	at java.base/jdk.internal.reflect.DelegatingMethodAccessorImpl.invoke(DelegatingMethodAccessorImpl.java:43)
	at org.openqa.selenium.support.events.EventFiringWebDriver$EventFiringWebElement.lambda$new$0(EventFiringWebDriver.java:404)
	at jdk.proxy2/jdk.proxy2.$Proxy26.click(Unknown Source)
	at org.openqa.selenium.support.events.EventFiringWebDriver$EventFiringWebElement.click(EventFiringWebDriver.java:417)
	at org.openqa.selenium.WebElement$click.call(Unknown Source)
	at com.kms.katalon.core.webui.keyword.builtin.ClickKeyword.clickUntilSuccessWithTimeout(ClickKeyword.groovy:81)
	at com.kms.katalon.core.webui.keyword.builtin.ClickKeyword.clickUntilSuccessWithTimeout(ClickKeyword.groovy)
	at java.base/jdk.internal.reflect.NativeMethodAccessorImpl.invoke0(Native Method)
	at java.base/jdk.internal.reflect.NativeMethodAccessorImpl.invoke(NativeMethodAccessorImpl.java:77)
	at java.base/jdk.internal.reflect.DelegatingMethodAccessorImpl.invoke(DelegatingMethodAccessorImpl.java:43)
	at com.kms.katalon.core.webui.keyword.builtin.ClickKeyword$_click_closure1.doCall(ClickKeyword.groovy:67)
	at com.kms.katalon.core.webui.keyword.builtin.ClickKeyword$_click_closure1.call(ClickKeyword.groovy)
	at com.kms.katalon.core.webui.keyword.internal.WebUIKeywordMain.runKeyword(WebUIKeywordMain.groovy:20)
	... 20 more]]></system-err>
   </testsuite>
</testsuites>
